2018-07-02 06:45:52 [2@bb23d8d6f4ee]
An email to yazad.balsara@unotechsoft.com was added to queue: [GLPI #0000003] New ticket sla brach test
2018-07-02 06:45:52 [2@bb23d8d6f4ee]
An email to admsys@localhost was added to queue: [GLPI #0000003] New ticket sla brach test
2018-07-02 06:47:52 [2@bb23d8d6f4ee]
An email to yazad.balsara@unotechsoft.com was added to queue: [GLPI #0000004] New ticket sla breach test 2
2018-07-02 06:47:52 [2@bb23d8d6f4ee]
An email to admsys@localhost was added to queue: [GLPI #0000004] New ticket sla breach test 2
2018-07-02 06:51:42 [2@bb23d8d6f4ee]
An email to yazad.balsara@unotechsoft.com was added to queue: [GLPI #0000005] New ticket test 2
2018-07-02 06:51:42 [2@bb23d8d6f4ee]
An email to admsys@localhost was added to queue: [GLPI #0000005] New ticket test 2
2018-07-02 09:18:27 [2@bb23d8d6f4ee]
An email to yazad.balsara@unotechsoft.com was added to queue: [GLPI #0000005] Approval - Waiting for approval test 2
2018-07-04 05:37:18 [@bb23d8d6f4ee]
An email to admsys@localhost was added to queue: [GLPI] Monitoring of automatic actions
2018-07-04 07:16:20 [7@bb23d8d6f4ee]
An email to milansh4h@gmail.com was added to queue: [GLPI #0000003] New followup testing ticket id2
2018-07-04 07:19:03 [@bb23d8d6f4ee]
An email was sent to milansh4h@gmail.com: [GLPI #0000003] New followup testing ticket id2
2018-07-04 07:19:22 [2@bb23d8d6f4ee]
An email to milansh4h@gmail.com was added to queue: [GLPI #0000003] New followup testing ticket id2
2018-07-04 07:20:57 [2@bb23d8d6f4ee]
An email to milansh4h@gmail.com was added to queue: [GLPI #0000003] New followup testing ticket id2
2018-07-04 07:22:19 [2@bb23d8d6f4ee]
An email to milan.shah@unotechsoft.com was added to queue: [GLPI #0000003] New user in observers testing ticket id2
2018-07-04 07:22:23 [2@bb23d8d6f4ee]
An email was sent to milansh4h@gmail.com: [GLPI #0000003] New followup testing ticket id2
2018-07-04 07:26:55 [2@bb23d8d6f4ee]
An email to milansh4h@gmail.com was added to queue: [GLPI #0000003] New followup testing ticket id2
2018-07-04 07:26:56 [2@bb23d8d6f4ee]
An email to milan.shah@unotechsoft.com was added to queue: [GLPI #0000003] New followup testing ticket id2
2018-07-04 07:31:59 [7@bb23d8d6f4ee]
An email to milansh4h@gmail.com was added to queue: [GLPI #0000004] New ticket test timezone
2018-07-04 13:07:42 [7@bb23d8d6f4ee]
An email to milansh4h@gmail.com was added to queue: [GLPI #0000005] New ticket test asia timezone 
2018-07-04 13:14:11 [7@bb23d8d6f4ee]
An email to milansh4h@gmail.com was added to queue: [GLPI #0000005] New followup test asia timezone 
2018-07-04 13:15:19 [7@bb23d8d6f4ee]
An email to milansh4h@gmail.com was added to queue: [GLPI #0000005] New followup test asia timezone 
2018-07-04 13:18:03 [7@bb23d8d6f4ee]
An email was sent to milansh4h@gmail.com: [GLPI #0000005] New followup test asia timezone 
2018-07-04 14:40:02 [7@bb23d8d6f4ee]
An email was sent to milan.shah@unotechsoft.com: [GLPI #0000003] New followup testing ticket id2
2018-07-04 14:40:05 [7@bb23d8d6f4ee]
An email was sent to milansh4h@gmail.com: [GLPI #0000003] New followup testing ticket id2
2018-07-04 14:40:08 [7@bb23d8d6f4ee]
An email was sent to milansh4h@gmail.com: [GLPI #0000004] New ticket test timezone
2018-07-04 15:12:21 [7@bb23d8d6f4ee]
An email to shah.milan34@gmail.com was added to queue: [GLPI #0000005] New user in observers test asia timezone 
2018-07-04 15:13:40 [7@bb23d8d6f4ee]
An email was sent to shah.milan34@gmail.com: [GLPI #0000005] New user in observers test asia timezone 
2018-07-04 15:14:29 [7@bb23d8d6f4ee]
An email to shah.milan34@gmail.com was added to queue: [GLPI #0000005] New user in observers test asia timezone 
2018-07-04 15:14:42 [7@bb23d8d6f4ee]
An email was sent to shah.milan34@gmail.com: [GLPI #0000005] New user in observers test asia timezone 
2018-07-04 15:17:37 [7@bb23d8d6f4ee]
An email to milansh4h@gmail.com was added to queue: [GLPI #0000006] New ticket testing new ticket mail
2018-07-04 15:37:33 [7@bb23d8d6f4ee]
An email to milan.shah@unotechsoft.com was added to queue: [GLPI #0000007] New user in requesters testing ticket create mail
2018-07-04 15:37:37 [7@bb23d8d6f4ee]
An email was sent to milan.shah@unotechsoft.com: [GLPI #0000007] New user in requesters testing ticket create mail
2018-07-04 15:37:37 [7@bb23d8d6f4ee]
An email to milan.shah@unotechsoft.com was added to queue: [GLPI #0000007] New user in assignees testing ticket create mail
2018-07-04 15:37:37 [7@bb23d8d6f4ee]
An email to milan.shah@unotechsoft.com was added to queue: [GLPI #0000007] New ticket testing ticket create mail
2018-07-04 15:37:37 [7@bb23d8d6f4ee]
An email to milansh4h@gmail.com was added to queue: [GLPI #0000007] New ticket testing ticket create mail
2018-07-04 15:37:41 [7@bb23d8d6f4ee]
An email was sent to milan.shah@unotechsoft.com: [GLPI #0000007] New ticket testing ticket create mail
2018-07-04 15:39:34 [7@bb23d8d6f4ee]
An email to milan.shah@unotechsoft.com was added to queue: [GLPI #0000008] New user in requesters testig email
2018-07-04 15:39:34 [7@bb23d8d6f4ee]
An email to ashishjha091994@gmail.com was added to queue: [GLPI #0000008] New user in observers testig email
2018-07-04 15:39:34 [7@bb23d8d6f4ee]
An email to milan.shah@unotechsoft.com was added to queue: [GLPI #0000008] New user in assignees testig email
2018-07-04 15:39:35 [7@bb23d8d6f4ee]
An email to milan.shah@unotechsoft.com was added to queue: [GLPI #0000008] New ticket testig email
2018-07-04 15:39:35 [7@bb23d8d6f4ee]
An email to milansh4h@gmail.com was added to queue: [GLPI #0000008] New ticket testig email
2018-07-04 15:39:35 [7@bb23d8d6f4ee]
An email to ashishjha091994@gmail.com was added to queue: [GLPI #0000008] New ticket testig email
2018-07-04 15:39:38 [7@bb23d8d6f4ee]
An email was sent to ashishjha091994@gmail.com: [GLPI #0000008] New ticket testig email
2018-07-04 15:41:12 [7@bb23d8d6f4ee]
An email was sent to milan.shah@unotechsoft.com: [GLPI #0000008] New ticket testig email
2018-07-04 15:41:12 [7@bb23d8d6f4ee]
An email to milansh4h@gmail.com was added to queue: [GLPI #0000008] New followup testig email
2018-07-04 15:41:12 [7@bb23d8d6f4ee]
An email to milan.shah@unotechsoft.com was added to queue: [GLPI #0000008] New followup testig email
2018-07-04 15:41:12 [7@bb23d8d6f4ee]
An email to ashishjha091994@gmail.com was added to queue: [GLPI #0000008] New followup testig email
2018-07-04 15:44:52 [2@bb23d8d6f4ee]
An email was sent to milansh4h@gmail.com: [GLPI #0000008] New followup testig email
2018-07-04 15:44:52 [2@bb23d8d6f4ee]
An email to milansh4h@gmail.com was added to queue: [GLPI #0000008] New followup testig email
2018-07-04 15:44:52 [2@bb23d8d6f4ee]
An email to milan.shah@unotechsoft.com was added to queue: [GLPI #0000008] New followup testig email
2018-07-04 15:44:52 [2@bb23d8d6f4ee]
An email to ashishjha091994@gmail.com was added to queue: [GLPI #0000008] New followup testig email
2018-07-04 15:50:21 [2@bb23d8d6f4ee]
An email was sent to milansh4h@gmail.com: [GLPI #0000006] New ticket testing new ticket mail
2018-07-04 15:50:25 [2@bb23d8d6f4ee]
An email was sent to milansh4h@gmail.com: [GLPI #0000007] New ticket testing ticket create mail
2018-07-04 15:50:29 [2@bb23d8d6f4ee]
An email was sent to milan.shah@unotechsoft.com: [GLPI #0000008] New followup testig email
2018-07-04 15:50:32 [2@bb23d8d6f4ee]
An email was sent to ashishjha091994@gmail.com: [GLPI #0000008] New followup testig email
2018-07-04 15:50:36 [2@bb23d8d6f4ee]
An email was sent to milansh4h@gmail.com: [GLPI #0000008] New followup testig email
2018-07-04 16:00:56 [2@bb23d8d6f4ee]
An email to milansh4h@gmail.com was added to queue: [GLPI #0000008] New task testig email
2018-07-04 16:00:56 [2@bb23d8d6f4ee]
An email to milan.shah@unotechsoft.com was added to queue: [GLPI #0000008] New task testig email
2018-07-04 16:00:56 [2@bb23d8d6f4ee]
An email to ashishjha091994@gmail.com was added to queue: [GLPI #0000008] New task testig email
2018-07-04 16:01:09 [2@bb23d8d6f4ee]
An email to milansh4h@gmail.com was added to queue: [GLPI #0000008] Update of a task testig email
2018-07-04 16:01:10 [2@bb23d8d6f4ee]
An email to milan.shah@unotechsoft.com was added to queue: [GLPI #0000008] Update of a task testig email
2018-07-04 16:01:10 [2@bb23d8d6f4ee]
An email to ashishjha091994@gmail.com was added to queue: [GLPI #0000008] Update of a task testig email
2018-07-04 16:01:11 [2@bb23d8d6f4ee]
An email to milansh4h@gmail.com was added to queue: [GLPI #0000008] Update of a task testig email
2018-07-04 16:01:11 [2@bb23d8d6f4ee]
An email to milan.shah@unotechsoft.com was added to queue: [GLPI #0000008] Update of a task testig email
2018-07-04 16:01:11 [2@bb23d8d6f4ee]
An email to ashishjha091994@gmail.com was added to queue: [GLPI #0000008] Update of a task testig email
2018-07-04 16:02:46 [2@bb23d8d6f4ee]
An email was sent to milansh4h@gmail.com: [GLPI #0000008] Update of a task testig email
2018-07-04 16:02:46 [2@bb23d8d6f4ee]
An email to milansh4h@gmail.com was added to queue: [GLPI #0000008] New followup testig email
2018-07-04 16:02:47 [2@bb23d8d6f4ee]
An email to milan.shah@unotechsoft.com was added to queue: [GLPI #0000008] New followup testig email
2018-07-04 16:02:47 [2@bb23d8d6f4ee]
An email to ashishjha091994@gmail.com was added to queue: [GLPI #0000008] New followup testig email
2018-07-04 16:18:26 [2@bb23d8d6f4ee]
An email was sent to milan.shah@unotechsoft.com: [GLPI #0000008] New followup testig email
2018-07-04 16:18:30 [2@bb23d8d6f4ee]
An email was sent to ashishjha091994@gmail.com: [GLPI #0000008] New followup testig email
2018-07-04 16:18:34 [2@bb23d8d6f4ee]
An email was sent to milansh4h@gmail.com: [GLPI #0000008] New followup testig email
2018-07-04 16:22:15 [2@bb23d8d6f4ee]
An email to milansh4h@gmail.com was added to queue: [GLPI #0000008] New followup testig email
2018-07-04 16:22:16 [2@bb23d8d6f4ee]
An email to milan.shah@unotechsoft.com was added to queue: [GLPI #0000008] New followup testig email
2018-07-04 16:22:16 [2@bb23d8d6f4ee]
An email to ashishjha091994@gmail.com was added to queue: [GLPI #0000008] New followup testig email
2018-07-04 16:29:40 [2@bb23d8d6f4ee]
An email was sent to milansh4h@gmail.com: [GLPI #0000008] New followup testig email
2018-07-04 16:41:17 [2@bb23d8d6f4ee]
An email was sent to milan.shah@unotechsoft.com: [GLPI #0000008] New followup testig email
2018-07-04 16:41:22 [2@bb23d8d6f4ee]
An email was sent to ashishjha091994@gmail.com: [GLPI #0000008] New followup testig email
2018-07-04 17:00:58 [2@bb23d8d6f4ee]
An email to milansh4h@gmail.com was added to queue: [GLPI #0000008] New followup testig email
2018-07-04 17:00:58 [2@bb23d8d6f4ee]
An email to milan.shah@unotechsoft.com was added to queue: [GLPI #0000008] New followup testig email
2018-07-04 17:00:58 [2@bb23d8d6f4ee]
An email to ashishjha091994@gmail.com was added to queue: [GLPI #0000008] New followup testig email
2018-07-04 17:02:01 [2@bb23d8d6f4ee]
An email was sent to milansh4h@gmail.com: [GLPI #0000008] New followup testig email
2018-07-04 17:02:06 [2@bb23d8d6f4ee]
An email was sent to milan.shah@unotechsoft.com: [GLPI #0000008] New followup testig email
2018-07-04 17:02:16 [2@bb23d8d6f4ee]
An email was sent to ashishjha091994@gmail.com: [GLPI #0000008] New followup testig email
2018-07-04 17:10:32 [2@bb23d8d6f4ee]
An email to milansh4h@gmail.com was added to queue: [GLPI #0000008] New followup testig email
2018-07-04 17:10:32 [2@bb23d8d6f4ee]
An email to milan.shah@unotechsoft.com was added to queue: [GLPI #0000008] New followup testig email
2018-07-04 17:10:32 [2@bb23d8d6f4ee]
An email to ashishjha091994@gmail.com was added to queue: [GLPI #0000008] New followup testig email
2018-07-04 17:11:33 [2@bb23d8d6f4ee]
An email was sent to milansh4h@gmail.com: [GLPI #0000008] New followup testig email
2018-07-04 17:11:37 [2@bb23d8d6f4ee]
An email was sent to milan.shah@unotechsoft.com: [GLPI #0000008] New followup testig email
2018-07-04 17:11:41 [2@bb23d8d6f4ee]
An email was sent to ashishjha091994@gmail.com: [GLPI #0000008] New followup testig email
2018-07-04 17:22:06 [2@bb23d8d6f4ee]
An email to milansh4h@gmail.com was added to queue: [GLPI #0000008] New followup testig email
2018-07-04 17:22:06 [2@bb23d8d6f4ee]
An email to milan.shah@unotechsoft.com was added to queue: [GLPI #0000008] New followup testig email
2018-07-04 17:22:06 [2@bb23d8d6f4ee]
An email to ashishjha091994@gmail.com was added to queue: [GLPI #0000008] New followup testig email
2018-07-04 18:11:21 [2@bb23d8d6f4ee]
An email to milansh4h@gmail.com was added to queue: [GLPI #0000008] New followup testig email
2018-07-04 18:11:21 [2@bb23d8d6f4ee]
An email to milan.shah@unotechsoft.com was added to queue: [GLPI #0000008] New followup testig email
2018-07-04 18:11:21 [2@bb23d8d6f4ee]
An email to ashishjha091994@gmail.com was added to queue: [GLPI #0000008] New followup testig email
2018-07-04 18:13:21 [2@bb23d8d6f4ee]
An email to milansh4h@gmail.com was added to queue: [GLPI #0000008] New followup testig email
2018-07-04 18:13:21 [2@bb23d8d6f4ee]
An email to milan.shah@unotechsoft.com was added to queue: [GLPI #0000008] New followup testig email
2018-07-04 18:13:21 [2@bb23d8d6f4ee]
An email to ashishjha091994@gmail.com was added to queue: [GLPI #0000008] New followup testig email
2018-07-04 18:20:55 [2@bb23d8d6f4ee]
An email was sent to milansh4h@gmail.com: [GLPI #0000008] New followup testig email
2018-07-04 18:20:58 [2@bb23d8d6f4ee]
An email was sent to milan.shah@unotechsoft.com: [GLPI #0000008] New followup testig email
2018-07-04 18:21:03 [2@bb23d8d6f4ee]
An email was sent to ashishjha091994@gmail.com: [GLPI #0000008] New followup testig email
2018-07-04 18:32:13 [2@bb23d8d6f4ee]
An email to milansh4h@gmail.com was added to queue: [GLPI #0000008] New followup testig email
2018-07-04 18:32:13 [2@bb23d8d6f4ee]
An email to milan.shah@unotechsoft.com was added to queue: [GLPI #0000008] New followup testig email
2018-07-04 18:32:13 [2@bb23d8d6f4ee]
An email to ashishjha091994@gmail.com was added to queue: [GLPI #0000008] New followup testig email
2018-07-04 18:33:29 [2@bb23d8d6f4ee]
An email was sent to milansh4h@gmail.com: [GLPI #0000008] New followup testig email
2018-07-04 18:33:29 [2@bb23d8d6f4ee]
An email to milansh4h@gmail.com was added to queue: [GLPI #0000008] New followup testig email
2018-07-04 18:33:29 [2@bb23d8d6f4ee]
An email to milan.shah@unotechsoft.com was added to queue: [GLPI #0000008] New followup testig email
2018-07-04 18:33:29 [2@bb23d8d6f4ee]
An email to ashishjha091994@gmail.com was added to queue: [GLPI #0000008] New followup testig email
2018-07-04 18:34:55 [2@bb23d8d6f4ee]
An email was sent to milan.shah@unotechsoft.com: [GLPI #0000008] New followup testig email
2018-07-04 18:34:55 [2@bb23d8d6f4ee]
An email to milansh4h@gmail.com was added to queue: [GLPI #0000008] New followup testig email
2018-07-04 18:34:55 [2@bb23d8d6f4ee]
An email to milan.shah@unotechsoft.com was added to queue: [GLPI #0000008] New followup testig email
2018-07-04 18:34:55 [2@bb23d8d6f4ee]
An email to ashishjha091994@gmail.com was added to queue: [GLPI #0000008] New followup testig email
2018-07-04 19:02:57 [2@bb23d8d6f4ee]
An email was sent to milansh4h@gmail.com: [GLPI #0000008] New followup testig email
2018-07-04 19:02:57 [2@bb23d8d6f4ee]
An email to milansh4h@gmail.com was added to queue: [GLPI #0000008] New followup testig email
2018-07-04 19:02:57 [2@bb23d8d6f4ee]
An email to milan.shah@unotechsoft.com was added to queue: [GLPI #0000008] New followup testig email
2018-07-04 19:02:57 [2@bb23d8d6f4ee]
An email to ashishjha091994@gmail.com was added to queue: [GLPI #0000008] New followup testig email
2018-07-04 19:04:05 [2@bb23d8d6f4ee]
An email was sent to milan.shah@unotechsoft.com: [GLPI #0000008] New followup testig email
2018-07-04 19:04:05 [2@bb23d8d6f4ee]
An email to milansh4h@gmail.com was added to queue: [GLPI #0000008] New followup testig email
2018-07-04 19:04:05 [2@bb23d8d6f4ee]
An email to milan.shah@unotechsoft.com was added to queue: [GLPI #0000008] New followup testig email
2018-07-04 19:04:06 [2@bb23d8d6f4ee]
An email to ashishjha091994@gmail.com was added to queue: [GLPI #0000008] New followup testig email
2018-07-04 19:06:56 [2@bb23d8d6f4ee]
An email was sent to milansh4h@gmail.com: [GLPI #0000008] New followup testig email
2018-07-04 19:06:57 [2@bb23d8d6f4ee]
An email to milansh4h@gmail.com was added to queue: [GLPI #0000008] New followup testig email
2018-07-04 19:06:57 [2@bb23d8d6f4ee]
An email to milan.shah@unotechsoft.com was added to queue: [GLPI #0000008] New followup testig email
2018-07-04 19:06:57 [2@bb23d8d6f4ee]
An email to ashishjha091994@gmail.com was added to queue: [GLPI #0000008] New followup testig email
2018-07-04 19:46:37 [2@bb23d8d6f4ee]
An email was sent to milan.shah@unotechsoft.com: [GLPI #0000008] New followup testig email
2018-07-04 19:46:38 [2@bb23d8d6f4ee]
An email to milansh4h@gmail.com was added to queue: [GLPI #0000008] New followup testig email
2018-07-04 19:46:38 [2@bb23d8d6f4ee]
An email to milan.shah@unotechsoft.com was added to queue: [GLPI #0000008] New followup testig email
2018-07-04 19:46:38 [2@bb23d8d6f4ee]
An email to ashishjha091994@gmail.com was added to queue: [GLPI #0000008] New followup testig email
2018-07-04 20:08:05 [2@bb23d8d6f4ee]
An email to milansh4h@gmail.com was added to queue: [GLPI #0000008] New followup testig email
2018-07-04 20:08:05 [2@bb23d8d6f4ee]
An email to milan.shah@unotechsoft.com was added to queue: [GLPI #0000008] New followup testig email
2018-07-04 20:08:05 [2@bb23d8d6f4ee]
An email to ashishjha091994@gmail.com was added to queue: [GLPI #0000008] New followup testig email
2018-07-04 20:08:59 [2@bb23d8d6f4ee]
An email was sent to milansh4h@gmail.com: [GLPI #0000008] New followup testig email
2018-07-04 20:08:59 [2@bb23d8d6f4ee]
An email to milansh4h@gmail.com was added to queue: [GLPI #0000008] New followup testig email
2018-07-04 20:08:59 [2@bb23d8d6f4ee]
An email to milan.shah@unotechsoft.com was added to queue: [GLPI #0000008] New followup testig email
2018-07-04 20:09:00 [2@bb23d8d6f4ee]
An email to ashishjha091994@gmail.com was added to queue: [GLPI #0000008] New followup testig email
2018-07-04 20:15:45 [2@bb23d8d6f4ee]
An email was sent to milan.shah@unotechsoft.com: [GLPI #0000008] New followup testig email
2018-07-04 20:15:45 [2@bb23d8d6f4ee]
An email to milansh4h@gmail.com was added to queue: [GLPI #0000008] New followup testig email
2018-07-04 20:15:45 [2@bb23d8d6f4ee]
An email to milan.shah@unotechsoft.com was added to queue: [GLPI #0000008] New followup testig email
2018-07-04 20:15:45 [2@bb23d8d6f4ee]
An email to ashishjha091994@gmail.com was added to queue: [GLPI #0000008] New followup testig email
2018-07-04 20:22:58 [2@bb23d8d6f4ee]
An email to milansh4h@gmail.com was added to queue: [GLPI #0000008] New followup testig email
2018-07-04 20:22:58 [2@bb23d8d6f4ee]
An email to milan.shah@unotechsoft.com was added to queue: [GLPI #0000008] New followup testig email
2018-07-04 20:22:58 [2@bb23d8d6f4ee]
An email to ashishjha091994@gmail.com was added to queue: [GLPI #0000008] New followup testig email
2018-07-04 20:23:47 [2@bb23d8d6f4ee]
An email to milansh4h@gmail.com was added to queue: [GLPI #0000008] New followup testig email
2018-07-04 20:23:47 [2@bb23d8d6f4ee]
An email to milan.shah@unotechsoft.com was added to queue: [GLPI #0000008] New followup testig email
2018-07-04 20:23:47 [2@bb23d8d6f4ee]
An email to ashishjha091994@gmail.com was added to queue: [GLPI #0000008] New followup testig email
2018-07-04 20:25:17 [2@bb23d8d6f4ee]
An email to milansh4h@gmail.com was added to queue: [GLPI #0000007] New followup testing ticket create mail
2018-07-04 20:25:17 [2@bb23d8d6f4ee]
An email to milan.shah@unotechsoft.com was added to queue: [GLPI #0000007] New followup testing ticket create mail
2018-07-04 20:26:10 [2@bb23d8d6f4ee]
An email was sent to milansh4h@gmail.com: [GLPI #0000007] New followup testing ticket create mail
2018-07-04 20:27:01 [2@bb23d8d6f4ee]
An email was sent to milan.shah@unotechsoft.com: [GLPI #0000007] New followup testing ticket create mail
2018-07-04 20:31:59 [2@bb23d8d6f4ee]
An email to milansh4h@gmail.com was added to queue: [GLPI #0000007] New followup testing ticket create mail
2018-07-04 20:31:59 [2@bb23d8d6f4ee]
An email to milan.shah@unotechsoft.com was added to queue: [GLPI #0000007] New followup testing ticket create mail
2018-07-04 20:43:21 [2@bb23d8d6f4ee]
An email to milansh4h@gmail.com was added to queue: [GLPI #0000006] New followup testing new ticket mail
2018-07-04 20:43:21 [2@bb23d8d6f4ee]
An email to milan.shah@unotechsoft.com was added to queue: [GLPI #0000006] New followup testing new ticket mail
2018-07-04 20:50:53 [2@bb23d8d6f4ee]
An email to milansh4h@gmail.com was added to queue: [GLPI #0000006] New followup testing new ticket mail
2018-07-04 20:50:53 [2@bb23d8d6f4ee]
An email to milan.shah@unotechsoft.com was added to queue: [GLPI #0000006] New followup testing new ticket mail
2018-07-05 10:55:36 [2@bb23d8d6f4ee]
An email to milansh4h@gmail.com was added to queue: [GLPI #0000006] New followup testing new ticket mail
2018-07-05 10:55:36 [2@bb23d8d6f4ee]
An email to milan.shah@unotechsoft.com was added to queue: [GLPI #0000006] New followup testing new ticket mail
2018-07-05 10:56:08 [2@bb23d8d6f4ee]
An email to milansh4h@gmail.com was added to queue: [GLPI #0000006] New followup testing new ticket mail
2018-07-05 10:56:08 [2@bb23d8d6f4ee]
An email to milan.shah@unotechsoft.com was added to queue: [GLPI #0000006] New followup testing new ticket mail
2018-07-05 10:57:15 [2@bb23d8d6f4ee]
An email to milansh4h@gmail.com was added to queue: [GLPI #0000006] New followup testing new ticket mail
2018-07-05 10:57:15 [2@bb23d8d6f4ee]
An email to milan.shah@unotechsoft.com was added to queue: [GLPI #0000006] New followup testing new ticket mail
2018-07-05 10:57:46 [2@bb23d8d6f4ee]
An email to milansh4h@gmail.com was added to queue: [GLPI #0000006] New followup testing new ticket mail
2018-07-05 10:57:46 [2@bb23d8d6f4ee]
An email to milan.shah@unotechsoft.com was added to queue: [GLPI #0000006] New followup testing new ticket mail
2018-07-05 10:58:31 [2@bb23d8d6f4ee]
An email was sent to milansh4h@gmail.com: [GLPI #0000006] New followup testing new ticket mail
2018-07-05 10:58:31 [2@bb23d8d6f4ee]
An email to milansh4h@gmail.com was added to queue: [GLPI #0000006] New followup testing new ticket mail
2018-07-05 10:58:31 [2@bb23d8d6f4ee]
An email to milan.shah@unotechsoft.com was added to queue: [GLPI #0000006] New followup testing new ticket mail
2018-07-05 10:59:04 [2@bb23d8d6f4ee]
An email was sent to milan.shah@unotechsoft.com: [GLPI #0000006] New followup testing new ticket mail
2018-07-05 10:59:04 [2@bb23d8d6f4ee]
An email to milansh4h@gmail.com was added to queue: [GLPI #0000006] New followup testing new ticket mail
2018-07-05 10:59:04 [2@bb23d8d6f4ee]
An email to milan.shah@unotechsoft.com was added to queue: [GLPI #0000006] New followup testing new ticket mail
2018-07-05 11:35:08 [2@bb23d8d6f4ee]
An email to milan.shah@unotechsoft.com was added to queue: [GLPI #0000009] New ticket test paste from doc
2018-07-05 11:35:08 [2@bb23d8d6f4ee]
An email to milansh4h@gmail.com was added to queue: [GLPI #0000009] New ticket test paste from doc
2018-07-05 11:35:13 [2@bb23d8d6f4ee]
An email was sent to milan.shah@unotechsoft.com: [GLPI #0000009] New ticket test paste from doc
2018-07-05 11:37:19 [2@bb23d8d6f4ee]
An email to milansh4h@gmail.com was added to queue: [GLPI #0000009] New followup test paste from doc
2018-07-05 12:02:17 [7@bb23d8d6f4ee]
An email to milan.shah@unotechsoft.com was added to queue: [GLPI #0000010] New user in requesters test tiny 1
2018-07-05 12:02:22 [7@bb23d8d6f4ee]
An email was sent to milan.shah@unotechsoft.com: [GLPI #0000010] New user in requesters test tiny 1
2018-07-05 12:02:22 [7@bb23d8d6f4ee]
An email to milan.shah@unotechsoft.com was added to queue: [GLPI #0000010] New user in assignees test tiny 1
2018-07-05 12:02:22 [7@bb23d8d6f4ee]
An email to milan.shah@unotechsoft.com was added to queue: [GLPI #0000010] New ticket test tiny 1
2018-07-05 12:02:22 [7@bb23d8d6f4ee]
An email to milansh4h@gmail.com was added to queue: [GLPI #0000010] New ticket test tiny 1
2018-07-05 12:02:25 [7@bb23d8d6f4ee]
An email was sent to milan.shah@unotechsoft.com: [GLPI #0000010] New ticket test tiny 1
2018-07-05 12:02:55 [7@bb23d8d6f4ee]
An email to milansh4h@gmail.com was added to queue: [GLPI #0000010] New followup test tiny 1
2018-07-05 12:02:55 [7@bb23d8d6f4ee]
An email to milan.shah@unotechsoft.com was added to queue: [GLPI #0000010] New followup test tiny 1
2018-07-05 12:04:17 [7@bb23d8d6f4ee]
An email to milansh4h@gmail.com was added to queue: [GLPI #0000010] New followup test tiny 1
2018-07-05 12:04:18 [7@bb23d8d6f4ee]
An email to milan.shah@unotechsoft.com was added to queue: [GLPI #0000010] New followup test tiny 1
2018-07-05 12:05:09 [7@bb23d8d6f4ee]
An email to milansh4h@gmail.com was added to queue: [GLPI #0000010] New followup test tiny 1
2018-07-05 12:05:09 [7@bb23d8d6f4ee]
An email to milan.shah@unotechsoft.com was added to queue: [GLPI #0000010] New followup test tiny 1
2018-07-05 12:05:40 [7@bb23d8d6f4ee]
An email to milansh4h@gmail.com was added to queue: [GLPI #0000010] New followup test tiny 1
2018-07-05 12:05:40 [7@bb23d8d6f4ee]
An email to milan.shah@unotechsoft.com was added to queue: [GLPI #0000010] New followup test tiny 1
2018-07-05 12:06:17 [7@bb23d8d6f4ee]
An email to milansh4h@gmail.com was added to queue: [GLPI #0000010] New followup test tiny 1
2018-07-05 12:06:17 [7@bb23d8d6f4ee]
An email to milan.shah@unotechsoft.com was added to queue: [GLPI #0000010] New followup test tiny 1
2018-07-05 12:29:53 [7@bb23d8d6f4ee]
An email to milansh4h@gmail.com was added to queue: [GLPI #0000010] New followup test tiny 1
2018-07-05 12:29:53 [7@bb23d8d6f4ee]
An email to milan.shah@unotechsoft.com was added to queue: [GLPI #0000010] New followup test tiny 1
2018-07-05 12:30:31 [7@bb23d8d6f4ee]
An email to milansh4h@gmail.com was added to queue: [GLPI #0000010] New followup test tiny 1
2018-07-05 12:30:31 [7@bb23d8d6f4ee]
An email to milan.shah@unotechsoft.com was added to queue: [GLPI #0000010] New followup test tiny 1
2018-07-05 12:51:14 [2@bb23d8d6f4ee]
An email to milan.shah@unotechsoft.com was added to queue: [GLPI #0000011] New ticket ticket add 1
2018-07-05 12:51:14 [2@bb23d8d6f4ee]
An email to milansh4h@gmail.com was added to queue: [GLPI #0000011] New ticket ticket add 1
2018-07-05 12:51:19 [2@bb23d8d6f4ee]
An email was sent to milan.shah@unotechsoft.com: [GLPI #0000011] New ticket ticket add 1
2018-07-05 13:05:38 [2@bb23d8d6f4ee]
An email was sent to milansh4h@gmail.com: [GLPI #0000011] New ticket ticket add 1
2018-07-05 13:05:38 [2@bb23d8d6f4ee]
An email to milansh4h@gmail.com was added to queue: [GLPI #0000011] New followup ticket add 1
2018-07-05 13:14:06 [2@bb23d8d6f4ee]
An email was sent to milansh4h@gmail.com: [GLPI #0000008] New followup testig email
2018-07-05 13:14:16 [2@bb23d8d6f4ee]
An email was sent to milansh4h@gmail.com: [GLPI #0000007] New followup testing ticket create mail
2018-07-05 13:14:26 [2@bb23d8d6f4ee]
An email was sent to milan.shah@unotechsoft.com: [GLPI #0000008] New followup testig email
2018-07-05 13:14:36 [2@bb23d8d6f4ee]
An email was sent to ashishjha091994@gmail.com: [GLPI #0000008] New followup testig email
2018-07-05 13:14:45 [2@bb23d8d6f4ee]
An email was sent to milan.shah@unotechsoft.com: [GLPI #0000007] New followup testing ticket create mail
2018-07-05 13:14:50 [2@bb23d8d6f4ee]
An email was sent to milansh4h@gmail.com: [GLPI #0000006] New followup testing new ticket mail
2018-07-05 13:14:54 [2@bb23d8d6f4ee]
An email was sent to milan.shah@unotechsoft.com: [GLPI #0000006] New followup testing new ticket mail
2018-07-05 13:16:52 [2@bb23d8d6f4ee]
An email was sent to milansh4h@gmail.com: [GLPI #0000011] New followup ticket add 1
2018-07-05 13:23:01 [2@bb23d8d6f4ee]
An email to milansh4h@gmail.com was added to queue: [GLPI #0000006] New followup testing new ticket mail
2018-07-05 13:23:01 [2@bb23d8d6f4ee]
An email to milan.shah@unotechsoft.com was added to queue: [GLPI #0000006] New followup testing new ticket mail
2018-07-05 14:45:09 [2@bb23d8d6f4ee]
An email to milansh4h@gmail.com was added to queue: [GLPI #0000006] New followup testing new ticket mail
2018-07-05 14:45:09 [2@bb23d8d6f4ee]
An email to milan.shah@unotechsoft.com was added to queue: [GLPI #0000006] New followup testing new ticket mail
2018-07-05 14:49:30 [2@bb23d8d6f4ee]
An email was sent to milansh4h@gmail.com: [GLPI #0000006] New followup testing new ticket mail
2018-07-05 14:53:03 [2@bb23d8d6f4ee]
An email was sent to milan.shah@unotechsoft.com: [GLPI #0000006] New followup testing new ticket mail
2018-07-05 14:53:03 [2@bb23d8d6f4ee]
An email to milansh4h@gmail.com was added to queue: [GLPI #0000006] New followup testing new ticket mail
2018-07-05 14:53:03 [2@bb23d8d6f4ee]
An email to milan.shah@unotechsoft.com was added to queue: [GLPI #0000006] New followup testing new ticket mail
2018-07-05 14:53:41 [2@bb23d8d6f4ee]
An email was sent to milansh4h@gmail.com: [GLPI #0000006] New followup testing new ticket mail
2018-07-05 14:53:42 [2@bb23d8d6f4ee]
An email to milansh4h@gmail.com was added to queue: [GLPI #0000006] New followup testing new ticket mail
2018-07-05 14:53:42 [2@bb23d8d6f4ee]
An email to milan.shah@unotechsoft.com was added to queue: [GLPI #0000006] New followup testing new ticket mail
2018-07-05 14:54:40 [2@bb23d8d6f4ee]
An email was sent to milan.shah@unotechsoft.com: [GLPI #0000006] New followup testing new ticket mail
2018-07-05 14:54:40 [2@bb23d8d6f4ee]
An email to milansh4h@gmail.com was added to queue: [GLPI #0000006] New followup testing new ticket mail
2018-07-05 14:54:40 [2@bb23d8d6f4ee]
An email to milan.shah@unotechsoft.com was added to queue: [GLPI #0000006] New followup testing new ticket mail
2018-07-05 14:56:16 [2@bb23d8d6f4ee]
An email was sent to milansh4h@gmail.com: [GLPI #0000006] New followup testing new ticket mail
2018-07-05 14:56:16 [2@bb23d8d6f4ee]
An email to milansh4h@gmail.com was added to queue: [GLPI #0000006] New followup testing new ticket mail
2018-07-05 14:56:16 [2@bb23d8d6f4ee]
An email to milan.shah@unotechsoft.com was added to queue: [GLPI #0000006] New followup testing new ticket mail
2018-07-05 14:57:50 [2@bb23d8d6f4ee]
An email was sent to milan.shah@unotechsoft.com: [GLPI #0000006] New followup testing new ticket mail
2018-07-05 14:57:54 [2@bb23d8d6f4ee]
An email was sent to milansh4h@gmail.com: [GLPI #0000006] New followup testing new ticket mail
2018-07-05 14:57:59 [2@bb23d8d6f4ee]
An email to milansh4h@gmail.com was added to queue: [GLPI #0000005] New followup test asia timezone 
2018-07-05 14:57:59 [2@bb23d8d6f4ee]
An email to milan.shah@unotechsoft.com was added to queue: [GLPI #0000005] New followup test asia timezone 
2018-07-05 14:57:59 [2@bb23d8d6f4ee]
An email to shah.milan34@gmail.com was added to queue: [GLPI #0000005] New followup test asia timezone 
2018-07-05 15:06:57 [2@bb23d8d6f4ee]
An email was sent to milansh4h@gmail.com: [GLPI #0000005] New followup test asia timezone 
2018-07-05 15:11:23 [2@bb23d8d6f4ee]
An email was sent to milan.shah@unotechsoft.com: [GLPI #0000005] New followup test asia timezone 
2018-07-05 15:11:23 [2@bb23d8d6f4ee]
An email to milansh4h@gmail.com was added to queue: [GLPI #0000005] New followup test asia timezone 
2018-07-05 15:11:23 [2@bb23d8d6f4ee]
An email to milan.shah@unotechsoft.com was added to queue: [GLPI #0000005] New followup test asia timezone 
2018-07-05 15:11:23 [2@bb23d8d6f4ee]
An email to shah.milan34@gmail.com was added to queue: [GLPI #0000005] New followup test asia timezone 
2018-07-05 15:29:26 [2@bb23d8d6f4ee]
An email was sent to shah.milan34@gmail.com: [GLPI #0000005] New followup test asia timezone 
2018-07-05 15:29:26 [2@bb23d8d6f4ee]
An email to milansh4h@gmail.com was added to queue: [GLPI #0000005] New followup test asia timezone 
2018-07-05 15:29:26 [2@bb23d8d6f4ee]
An email to milan.shah@unotechsoft.com was added to queue: [GLPI #0000005] New followup test asia timezone 
2018-07-05 15:29:26 [2@bb23d8d6f4ee]
An email to shah.milan34@gmail.com was added to queue: [GLPI #0000005] New followup test asia timezone 
2018-07-05 15:32:38 [2@bb23d8d6f4ee]
An email was sent to milansh4h@gmail.com: [GLPI #0000005] New followup test asia timezone 
2018-07-05 15:32:38 [2@bb23d8d6f4ee]
An email to milansh4h@gmail.com was added to queue: [GLPI #0000005] New followup test asia timezone 
2018-07-05 15:32:38 [2@bb23d8d6f4ee]
An email to milan.shah@unotechsoft.com was added to queue: [GLPI #0000005] New followup test asia timezone 
2018-07-05 15:32:38 [2@bb23d8d6f4ee]
An email to shah.milan34@gmail.com was added to queue: [GLPI #0000005] New followup test asia timezone 
2018-07-05 15:37:51 [2@bb23d8d6f4ee]
An email to milansh4h@gmail.com was added to queue: [GLPI #0000005] New followup test asia timezone 
2018-07-05 15:37:51 [2@bb23d8d6f4ee]
An email to milan.shah@unotechsoft.com was added to queue: [GLPI #0000005] New followup test asia timezone 
2018-07-05 15:37:51 [2@bb23d8d6f4ee]
An email to shah.milan34@gmail.com was added to queue: [GLPI #0000005] New followup test asia timezone 
2018-07-05 15:38:11 [2@bb23d8d6f4ee]
An email was sent to milansh4h@gmail.com: [GLPI #0000005] New followup test asia timezone 
2018-07-05 15:38:11 [2@bb23d8d6f4ee]
An email to milansh4h@gmail.com was added to queue: [GLPI #0000005] New followup test asia timezone 
2018-07-05 15:38:11 [2@bb23d8d6f4ee]
An email to milan.shah@unotechsoft.com was added to queue: [GLPI #0000005] New followup test asia timezone 
2018-07-05 15:38:11 [2@bb23d8d6f4ee]
An email to shah.milan34@gmail.com was added to queue: [GLPI #0000005] New followup test asia timezone 
2018-07-05 15:39:51 [2@bb23d8d6f4ee]
An email was sent to milan.shah@unotechsoft.com: [GLPI #0000005] New followup test asia timezone 
2018-07-05 15:39:52 [2@bb23d8d6f4ee]
An email to milansh4h@gmail.com was added to queue: [GLPI #0000005] New followup test asia timezone 
2018-07-05 15:39:52 [2@bb23d8d6f4ee]
An email to milan.shah@unotechsoft.com was added to queue: [GLPI #0000005] New followup test asia timezone 
2018-07-05 15:39:52 [2@bb23d8d6f4ee]
An email to shah.milan34@gmail.com was added to queue: [GLPI #0000005] New followup test asia timezone 
2018-07-05 15:41:30 [2@bb23d8d6f4ee]
An email was sent to milansh4h@gmail.com: [GLPI #0000005] New followup test asia timezone 
2018-07-05 15:41:35 [2@bb23d8d6f4ee]
An email was sent to shah.milan34@gmail.com: [GLPI #0000005] New followup test asia timezone 
2018-07-05 15:41:39 [2@bb23d8d6f4ee]
An email was sent to milan.shah@unotechsoft.com: [GLPI #0000005] New followup test asia timezone 
2018-07-05 17:04:28 [2@bb23d8d6f4ee]
An email to milansh4h@gmail.com was added to queue: [GLPI #0000005] New followup test asia timezone 
2018-07-05 17:04:28 [2@bb23d8d6f4ee]
An email to milan.shah@unotechsoft.com was added to queue: [GLPI #0000005] New followup test asia timezone 
2018-07-05 17:04:28 [2@bb23d8d6f4ee]
An email to shah.milan34@gmail.com was added to queue: [GLPI #0000005] New followup test asia timezone 
2018-07-05 18:23:27 [2@bb23d8d6f4ee]
An email was sent to milansh4h@gmail.com: [GLPI #0000005] New followup test asia timezone 
2018-07-05 18:43:43 [2@bb23d8d6f4ee]
An email was sent to milan.shah@unotechsoft.com: [GLPI #0000005] New followup test asia timezone 
2018-07-05 18:43:47 [2@bb23d8d6f4ee]
An email was sent to shah.milan34@gmail.com: [GLPI #0000005] New followup test asia timezone 
2018-07-05 18:43:47 [2@bb23d8d6f4ee]
An email to milansh4h@gmail.com was added to queue: [GLPI #0000005] New followup test asia timezone 
2018-07-05 18:43:47 [2@bb23d8d6f4ee]
An email to milan.shah@unotechsoft.com was added to queue: [GLPI #0000005] New followup test asia timezone 
2018-07-05 18:43:48 [2@bb23d8d6f4ee]
An email to shah.milan34@gmail.com was added to queue: [GLPI #0000005] New followup test asia timezone 
2018-07-05 18:50:46 [2@bb23d8d6f4ee]
An email was sent to milansh4h@gmail.com: [GLPI #0000005] New followup test asia timezone 
2018-07-05 18:50:50 [2@bb23d8d6f4ee]
An email was sent to milan.shah@unotechsoft.com: [GLPI #0000005] New followup test asia timezone 
2018-07-05 18:50:50 [2@bb23d8d6f4ee]
An email to milansh4h@gmail.com was added to queue: [GLPI #0000005] New followup test asia timezone 
2018-07-05 18:50:51 [2@bb23d8d6f4ee]
An email to milan.shah@unotechsoft.com was added to queue: [GLPI #0000005] New followup test asia timezone 
2018-07-05 18:50:51 [2@bb23d8d6f4ee]
An email to shah.milan34@gmail.com was added to queue: [GLPI #0000005] New followup test asia timezone 
2018-07-05 18:51:56 [2@bb23d8d6f4ee]
An email was sent to shah.milan34@gmail.com: [GLPI #0000005] New followup test asia timezone 
2018-07-05 18:52:00 [2@bb23d8d6f4ee]
An email was sent to milansh4h@gmail.com: [GLPI #0000005] New followup test asia timezone 
2018-07-05 18:52:04 [2@bb23d8d6f4ee]
An email was sent to milan.shah@unotechsoft.com: [GLPI #0000005] New followup test asia timezone 
2018-07-05 18:53:28 [2@bb23d8d6f4ee]
An email to milansh4h@gmail.com was added to queue: [GLPI #0000005] New followup test asia timezone 
2018-07-05 18:53:28 [2@bb23d8d6f4ee]
An email to milan.shah@unotechsoft.com was added to queue: [GLPI #0000005] New followup test asia timezone 
2018-07-05 18:53:28 [2@bb23d8d6f4ee]
An email to shah.milan34@gmail.com was added to queue: [GLPI #0000005] New followup test asia timezone 
2018-07-05 18:55:08 [2@bb23d8d6f4ee]
An email was sent to milansh4h@gmail.com: [GLPI #0000005] New followup test asia timezone 
2018-07-05 18:56:41 [2@bb23d8d6f4ee]
An email was sent to milan.shah@unotechsoft.com: [GLPI #0000005] New followup test asia timezone 
2018-07-05 18:56:42 [2@bb23d8d6f4ee]
An email to milansh4h@gmail.com was added to queue: [GLPI #0000005] New task test asia timezone 
2018-07-05 18:56:42 [2@bb23d8d6f4ee]
An email to milan.shah@unotechsoft.com was added to queue: [GLPI #0000005] New task test asia timezone 
2018-07-05 18:56:42 [2@bb23d8d6f4ee]
An email to shah.milan34@gmail.com was added to queue: [GLPI #0000005] New task test asia timezone 
2018-07-05 19:04:45 [2@bb23d8d6f4ee]
An email was sent to shah.milan34@gmail.com: [GLPI #0000005] New task test asia timezone 
2018-07-05 19:04:46 [2@bb23d8d6f4ee]
An email to milansh4h@gmail.com was added to queue: [GLPI #0000005] Ticket solved test asia timezone 
2018-07-05 19:04:46 [2@bb23d8d6f4ee]
An email to milan.shah@unotechsoft.com was added to queue: [GLPI #0000005] Ticket solved test asia timezone 
2018-07-05 19:04:46 [2@bb23d8d6f4ee]
An email to shah.milan34@gmail.com was added to queue: [GLPI #0000005] Ticket solved test asia timezone 
2018-07-05 19:04:51 [2@bb23d8d6f4ee]
An email was sent to milansh4h@gmail.com: [GLPI #0000005] Ticket solved test asia timezone 
2018-07-05 19:12:59 [2@bb23d8d6f4ee]
An email to milansh4h@gmail.com was added to queue: [GLPI #0000001] New task testing
2018-07-05 19:12:59 [2@bb23d8d6f4ee]
An email to milan.shah@unotechsoft.com was added to queue: [GLPI #0000001] New task testing
2018-07-05 19:16:14 [2@bb23d8d6f4ee]
An email was sent to milansh4h@gmail.com: [GLPI #0000001] New task testing
2018-07-05 19:16:14 [2@bb23d8d6f4ee]
An email to milansh4h@gmail.com was added to queue: [GLPI #0000001] New task testing
2018-07-05 19:16:14 [2@bb23d8d6f4ee]
An email to milan.shah@unotechsoft.com was added to queue: [GLPI #0000001] New task testing
2018-07-05 19:18:05 [2@bb23d8d6f4ee]
An email was sent to milan.shah@unotechsoft.com: [GLPI #0000001] New task testing
2018-07-05 19:18:05 [2@bb23d8d6f4ee]
An email to milansh4h@gmail.com was added to queue: [GLPI #0000001] New followup testing
2018-07-05 19:18:05 [2@bb23d8d6f4ee]
An email to milan.shah@unotechsoft.com was added to queue: [GLPI #0000001] New followup testing
2018-07-05 19:28:47 [2@bb23d8d6f4ee]
An email to milansh4h@gmail.com was added to queue: [GLPI #0000001] Ticket solved testing
2018-07-05 19:28:47 [2@bb23d8d6f4ee]
An email to milan.shah@unotechsoft.com was added to queue: [GLPI #0000001] Ticket solved testing
2018-07-06 10:31:58 [2@bb23d8d6f4ee]
An email was sent to milansh4h@gmail.com: [GLPI #0000009] New followup test paste from doc
2018-07-06 10:32:05 [2@bb23d8d6f4ee]
An email was sent to milansh4h@gmail.com: [GLPI #0000010] New followup test tiny 1
2018-07-06 10:32:12 [2@bb23d8d6f4ee]
An email was sent to milan.shah@unotechsoft.com: [GLPI #0000010] New followup test tiny 1
2018-07-06 10:32:17 [2@bb23d8d6f4ee]
An email was sent to milan.shah@unotechsoft.com: [GLPI #0000005] Ticket solved test asia timezone 
2018-07-06 10:32:22 [2@bb23d8d6f4ee]
An email was sent to shah.milan34@gmail.com: [GLPI #0000005] Ticket solved test asia timezone 
2018-07-06 10:32:26 [2@bb23d8d6f4ee]
An email was sent to milansh4h@gmail.com: [GLPI #0000001] Ticket solved testing
2018-07-06 10:32:30 [2@bb23d8d6f4ee]
An email was sent to milan.shah@unotechsoft.com: [GLPI #0000001] Ticket solved testing
2018-07-06 10:49:53 [2@bb23d8d6f4ee]
An email to milansh4h@gmail.com was added to queue: [GLPI #0000002] New followup testing ticket id
2018-07-06 10:49:54 [2@bb23d8d6f4ee]
An email to milan.shah@unotechsoft.com was added to queue: [GLPI #0000002] New followup testing ticket id
2018-07-06 11:20:06 [2@bb23d8d6f4ee]
An email was sent to milansh4h@gmail.com: [GLPI #0000002] New followup testing ticket id
2018-07-06 11:20:10 [2@bb23d8d6f4ee]
An email was sent to milan.shah@unotechsoft.com: [GLPI #0000002] New followup testing ticket id
2018-07-06 11:21:11 [2@bb23d8d6f4ee]
An email to milansh4h@gmail.com was added to queue: [GLPI #0000008] New followup testig email
2018-07-06 11:21:11 [2@bb23d8d6f4ee]
An email to milan.shah@unotechsoft.com was added to queue: [GLPI #0000008] New followup testig email
2018-07-06 11:21:11 [2@bb23d8d6f4ee]
An email to ashishjha091994@gmail.com was added to queue: [GLPI #0000008] New followup testig email
2018-07-06 11:58:26 [2@bb23d8d6f4ee]
An email to milansh4h@gmail.com was added to queue: [GLPI #0000002] New followup testing ticket id
2018-07-06 11:58:27 [2@bb23d8d6f4ee]
An email to milan.shah@unotechsoft.com was added to queue: [GLPI #0000002] New followup testing ticket id
2018-07-06 12:01:32 [2@bb23d8d6f4ee]
An email was sent to milansh4h@gmail.com: [GLPI #0000002] New followup testing ticket id
2018-07-06 12:01:32 [2@bb23d8d6f4ee]
An email to milansh4h@gmail.com was added to queue: [GLPI #0000002] New followup testing ticket id
2018-07-06 12:01:32 [2@bb23d8d6f4ee]
An email to milan.shah@unotechsoft.com was added to queue: [GLPI #0000002] New followup testing ticket id
2018-07-06 12:19:28 [2@bb23d8d6f4ee]
An email was sent to milan.shah@unotechsoft.com: [GLPI #0000002] New followup testing ticket id
2018-07-06 12:19:29 [2@bb23d8d6f4ee]
An email to milansh4h@gmail.com was added to queue: [GLPI #0000002] New task testing ticket id
2018-07-06 12:19:29 [2@bb23d8d6f4ee]
An email to milan.shah@unotechsoft.com was added to queue: [GLPI #0000002] New task testing ticket id
2018-07-06 12:25:49 [2@bb23d8d6f4ee]
An email was sent to milansh4h@gmail.com: [GLPI #0000002] New task testing ticket id
2018-07-06 12:25:49 [2@bb23d8d6f4ee]
An email to milansh4h@gmail.com was added to queue: [GLPI #0000002] New task testing ticket id
2018-07-06 12:25:50 [2@bb23d8d6f4ee]
An email to milan.shah@unotechsoft.com was added to queue: [GLPI #0000002] New task testing ticket id
2018-07-06 12:28:33 [2@bb23d8d6f4ee]
An email was sent to milan.shah@unotechsoft.com: [GLPI #0000002] New task testing ticket id
2018-07-06 12:28:33 [2@bb23d8d6f4ee]
An email to milansh4h@gmail.com was added to queue: [GLPI #0000002] New followup testing ticket id
2018-07-06 12:28:33 [2@bb23d8d6f4ee]
An email to milan.shah@unotechsoft.com was added to queue: [GLPI #0000002] New followup testing ticket id
2018-07-06 12:34:54 [2@bb23d8d6f4ee]
An email to milansh4h@gmail.com was added to queue: [GLPI #0000001] New problem test prob 
2018-07-06 12:34:57 [2@bb23d8d6f4ee]
An email was sent to milansh4h@gmail.com: [GLPI #0000001] New problem test prob 
2018-07-06 12:36:53 [2@bb23d8d6f4ee]
An email to milansh4h@gmail.com was added to queue: [GLPI #0000001] New task test prob 
2018-07-06 12:41:07 [2@bb23d8d6f4ee]
An email to milansh4h@gmail.com was added to queue: [GLPI #0000001] Update of a task test prob 
2018-07-06 12:42:29 [2@bb23d8d6f4ee]
An email to milansh4h@gmail.com was added to queue: [GLPI #0000001] New change test change
2018-07-06 12:43:01 [2@bb23d8d6f4ee]
An email to milansh4h@gmail.com was added to queue: [GLPI #0000001] New task test change
2018-07-06 12:48:04 [2@bb23d8d6f4ee]
An email was sent to milansh4h@gmail.com: [GLPI #0000008] New followup testig email
2018-07-06 12:48:10 [2@bb23d8d6f4ee]
An email was sent to milansh4h@gmail.com: [GLPI #0000002] New followup testing ticket id
2018-07-06 12:48:15 [2@bb23d8d6f4ee]
An email was sent to milan.shah@unotechsoft.com: [GLPI #0000002] New followup testing ticket id
2018-07-06 12:49:50 [2@bb23d8d6f4ee]
An email to milansh4h@gmail.com was added to queue: [GLPI #0000001] New task test prob 
2018-07-06 12:50:23 [2@bb23d8d6f4ee]
An email to milansh4h@gmail.com was added to queue: [GLPI #0000001] New task test change
2018-07-06 12:57:39 [2@bb23d8d6f4ee]
An email to milan.shah@unotechsoft.com was added to queue: [GLPI #0000013] New ticket test ticket incident 2
2018-07-06 12:57:39 [2@bb23d8d6f4ee]
An email to milansh4h@gmail.com was added to queue: [GLPI #0000013] New ticket test ticket incident 2
2018-07-06 13:02:41 [2@bb23d8d6f4ee]
An email was sent to milan.shah@unotechsoft.com: [GLPI #0000013] New ticket test ticket incident 2
2018-07-06 13:02:41 [2@bb23d8d6f4ee]
An email to milansh4h@gmail.com was added to queue: [GLPI #0000013] New followup test ticket incident 2
2018-07-06 13:03:13 [2@bb23d8d6f4ee]
An email was sent to milansh4h@gmail.com: [GLPI #0000013] New followup test ticket incident 2
2018-07-06 13:03:14 [2@bb23d8d6f4ee]
An email to milansh4h@gmail.com was added to queue: [GLPI #0000013] New task test ticket incident 2
2018-07-06 13:03:41 [2@bb23d8d6f4ee]
An email was sent to milansh4h@gmail.com: [GLPI #0000013] New task test ticket incident 2
2018-07-06 13:03:41 [2@bb23d8d6f4ee]
An email to milansh4h@gmail.com was added to queue: [GLPI #0000013] New followup test ticket incident 2
2018-07-06 15:49:53 [2@bb23d8d6f4ee]
An email was sent to milansh4h@gmail.com: [GLPI #0000013] New followup test ticket incident 2
2018-07-06 15:49:54 [2@bb23d8d6f4ee]
An email to milansh4h@gmail.com was added to queue: [GLPI #0000013] New followup test ticket incident 2
2018-07-06 15:52:36 [2@bb23d8d6f4ee]
An email was sent to milansh4h@gmail.com: [GLPI #0000013] New followup test ticket incident 2
2018-07-06 15:52:50 [2@bb23d8d6f4ee]
An email to milansh4h@gmail.com was added to queue: [GLPI #0000013] New followup test ticket incident 2
2018-07-06 16:02:29 [2@bb23d8d6f4ee]
An email was sent to milansh4h@gmail.com: [GLPI #0000013] New followup test ticket incident 2
2018-07-06 16:03:33 [2@bb23d8d6f4ee]
An email was sent to milan.shah@unotechsoft.com: [GLPI #0000008] New followup testig email
2018-07-06 16:04:25 [2@bb23d8d6f4ee]
An email to milansh4h@gmail.com was added to queue: [GLPI #0000013] New followup test ticket incident 2
2018-07-06 16:04:50 [2@bb23d8d6f4ee]
An email to milansh4h@gmail.com was added to queue: [GLPI #0000012] New followup test ticket incident 1
2018-07-06 16:56:38 [2@bb23d8d6f4ee]
An email was sent to milansh4h@gmail.com: [GLPI #0000013] New followup test ticket incident 2
2018-07-06 16:56:38 [2@bb23d8d6f4ee]
An email to milansh4h@gmail.com was added to queue: [GLPI #0000013] New followup test ticket incident 2
2018-07-06 16:57:00 [2@bb23d8d6f4ee]
An email was sent to milansh4h@gmail.com: [GLPI #0000013] New followup test ticket incident 2
2018-07-06 16:57:00 [2@bb23d8d6f4ee]
An email to milansh4h@gmail.com was added to queue: [GLPI #0000013] New followup test ticket incident 2
2018-07-06 18:34:20 [2@bb23d8d6f4ee]
An email was sent to milansh4h@gmail.com: [GLPI #0000013] New followup test ticket incident 2
2018-07-06 18:34:20 [2@bb23d8d6f4ee]
An email to milansh4h@gmail.com was added to queue: [GLPI #0000013] New task test ticket incident 2
2018-07-06 18:49:45 [2@bb23d8d6f4ee]
An email was sent to milansh4h@gmail.com: [GLPI #0000013] New task test ticket incident 2
2018-07-06 18:49:49 [2@bb23d8d6f4ee]
An email was sent to milansh4h@gmail.com: [GLPI #0000012] New followup test ticket incident 1
2018-07-06 18:50:21 [2@bb23d8d6f4ee]
An email to milansh4h@gmail.com was added to queue: [GLPI #0000013] New followup test ticket incident 2
2018-07-06 18:50:52 [2@bb23d8d6f4ee]
An email was sent to milansh4h@gmail.com: [GLPI #0000013] New followup test ticket incident 2
2018-07-06 18:50:52 [2@bb23d8d6f4ee]
An email to milansh4h@gmail.com was added to queue: [GLPI #0000013] New task test ticket incident 2
2018-07-06 19:07:32 [2@bb23d8d6f4ee]
An email to milansh4h@gmail.com was added to queue: [GLPI #0000013] New followup test ticket incident 2
2018-07-10 12:18:39 [7@bb23d8d6f4ee]
An email to milansh4h@gmail.com was added to queue: [GLPI #0000002] Deletion of a ticket testing ticket id
2018-07-10 12:18:44 [7@bb23d8d6f4ee]
An email was sent to milansh4h@gmail.com: [GLPI #0000002] Deletion of a ticket testing ticket id
2018-07-10 12:18:44 [7@bb23d8d6f4ee]
An email to milansh4h@gmail.com was added to queue: [GLPI #0000003] Deletion of a ticket testing ticket id2
2018-07-10 12:18:48 [7@bb23d8d6f4ee]
An email was sent to milansh4h@gmail.com: [GLPI #0000003] Deletion of a ticket testing ticket id2
2018-07-10 12:18:48 [7@bb23d8d6f4ee]
An email to milansh4h@gmail.com was added to queue: [GLPI #0000004] Deletion of a ticket test timezone
2018-07-10 12:18:52 [7@bb23d8d6f4ee]
An email was sent to milansh4h@gmail.com: [GLPI #0000004] Deletion of a ticket test timezone
2018-07-10 12:18:52 [7@bb23d8d6f4ee]
An email to milansh4h@gmail.com was added to queue: [GLPI #0000006] Deletion of a ticket testing new ticket mail
2018-07-10 12:18:56 [7@bb23d8d6f4ee]
An email was sent to milansh4h@gmail.com: [GLPI #0000006] Deletion of a ticket testing new ticket mail
2018-07-10 12:18:56 [7@bb23d8d6f4ee]
An email to milansh4h@gmail.com was added to queue: [GLPI #0000007] Deletion of a ticket testing ticket create mail
2018-07-10 12:18:59 [7@bb23d8d6f4ee]
An email was sent to milansh4h@gmail.com: [GLPI #0000007] Deletion of a ticket testing ticket create mail
2018-07-10 12:19:00 [7@bb23d8d6f4ee]
An email to milansh4h@gmail.com was added to queue: [GLPI #0000008] Deletion of a ticket testig email
2018-07-10 12:19:03 [7@bb23d8d6f4ee]
An email was sent to ashishjha091994@gmail.com: [GLPI #0000008] New followup testig email
2018-07-10 12:19:04 [7@bb23d8d6f4ee]
An email to milansh4h@gmail.com was added to queue: [GLPI #0000009] Deletion of a ticket test paste from doc
2018-07-10 12:19:08 [7@bb23d8d6f4ee]
An email was sent to milansh4h@gmail.com: [GLPI #0000009] Deletion of a ticket test paste from doc
2018-07-10 12:19:09 [7@bb23d8d6f4ee]
An email to milansh4h@gmail.com was added to queue: [GLPI #0000010] Deletion of a ticket test tiny 1
2018-07-10 12:19:16 [7@bb23d8d6f4ee]
An email was sent to milansh4h@gmail.com: [GLPI #0000010] Deletion of a ticket test tiny 1
2018-07-10 12:19:17 [7@bb23d8d6f4ee]
An email to milansh4h@gmail.com was added to queue: [GLPI #0000011] Deletion of a ticket ticket add 1
2018-07-10 12:19:20 [7@bb23d8d6f4ee]
An email was sent to milansh4h@gmail.com: [GLPI #0000011] Deletion of a ticket ticket add 1
2018-07-10 12:19:20 [7@bb23d8d6f4ee]
An email to milansh4h@gmail.com was added to queue: [GLPI #0000012] Deletion of a ticket test ticket incident 1
2018-07-10 12:19:24 [7@bb23d8d6f4ee]
An email was sent to milansh4h@gmail.com: [GLPI #0000012] Deletion of a ticket test ticket incident 1
2018-07-10 12:19:25 [7@bb23d8d6f4ee]
An email to milansh4h@gmail.com was added to queue: [GLPI #0000013] Deletion of a ticket test ticket incident 2
2018-07-10 12:19:29 [7@bb23d8d6f4ee]
An email was sent to milansh4h@gmail.com: [GLPI #0000013] Deletion of a ticket test ticket incident 2
2018-07-10 12:19:29 [7@bb23d8d6f4ee]
An email to milansh4h@gmail.com was added to queue: [GLPI #0000014] Deletion of a ticket hhvm
2018-07-10 12:19:33 [7@bb23d8d6f4ee]
An email was sent to milansh4h@gmail.com: [GLPI #0000014] Deletion of a ticket hhvm
2018-07-10 12:20:53 [7@bb23d8d6f4ee]
An email to milansh4h@gmail.com was added to queue: [GLPI #0000002] Deletion of a ticket testing ticket id
2018-07-10 12:20:53 [7@bb23d8d6f4ee]
An email to milansh4h@gmail.com was added to queue: [GLPI #0000003] Deletion of a ticket testing ticket id2
2018-07-10 12:20:53 [7@bb23d8d6f4ee]
An email to milansh4h@gmail.com was added to queue: [GLPI #0000004] Deletion of a ticket test timezone
2018-07-10 12:20:53 [7@bb23d8d6f4ee]
An email to milansh4h@gmail.com was added to queue: [GLPI #0000006] Deletion of a ticket testing new ticket mail
2018-07-10 12:20:54 [7@bb23d8d6f4ee]
An email to milansh4h@gmail.com was added to queue: [GLPI #0000007] Deletion of a ticket testing ticket create mail
2018-07-10 12:20:57 [7@bb23d8d6f4ee]
An email was sent to milansh4h@gmail.com: [GLPI #0000007] Deletion of a ticket testing ticket create mail
2018-07-10 12:20:57 [7@bb23d8d6f4ee]
An email to milansh4h@gmail.com was added to queue: [GLPI #0000008] Deletion of a ticket testig email
2018-07-10 12:21:01 [7@bb23d8d6f4ee]
An email was sent to milansh4h@gmail.com: [GLPI #0000008] Deletion of a ticket testig email
2018-07-10 12:21:01 [7@bb23d8d6f4ee]
An email to milansh4h@gmail.com was added to queue: [GLPI #0000009] Deletion of a ticket test paste from doc
2018-07-10 12:21:06 [7@bb23d8d6f4ee]
An email was sent to milansh4h@gmail.com: [GLPI #0000009] Deletion of a ticket test paste from doc
2018-07-10 12:21:06 [7@bb23d8d6f4ee]
An email to milansh4h@gmail.com was added to queue: [GLPI #0000010] Deletion of a ticket test tiny 1
2018-07-10 12:21:13 [7@bb23d8d6f4ee]
An email was sent to milansh4h@gmail.com: [GLPI #0000010] Deletion of a ticket test tiny 1
2018-07-10 12:21:14 [7@bb23d8d6f4ee]
An email to milansh4h@gmail.com was added to queue: [GLPI #0000011] Deletion of a ticket ticket add 1
2018-07-10 12:21:17 [7@bb23d8d6f4ee]
An email was sent to milansh4h@gmail.com: [GLPI #0000011] Deletion of a ticket ticket add 1
2018-07-10 12:21:17 [7@bb23d8d6f4ee]
An email to milansh4h@gmail.com was added to queue: [GLPI #0000012] Deletion of a ticket test ticket incident 1
2018-07-10 12:21:21 [7@bb23d8d6f4ee]
An email was sent to milansh4h@gmail.com: [GLPI #0000012] Deletion of a ticket test ticket incident 1
2018-07-10 12:21:21 [7@bb23d8d6f4ee]
An email to milansh4h@gmail.com was added to queue: [GLPI #0000013] Deletion of a ticket test ticket incident 2
2018-07-10 12:21:21 [7@bb23d8d6f4ee]
An email to milansh4h@gmail.com was added to queue: [GLPI #0000014] Deletion of a ticket hhvm
2018-07-10 12:22:26 [7@bb23d8d6f4ee]
An email to milan.shah@unotechsoft.com was added to queue: [GLPI #0000015] New user in requesters test incident 1
2018-07-10 12:22:26 [7@bb23d8d6f4ee]
An email to milan.shah@unotechsoft.com was added to queue: [GLPI #0000015] New user in assignees test incident 1
2018-07-10 12:22:26 [7@bb23d8d6f4ee]
An email to milan.shah@unotechsoft.com was added to queue: [GLPI #0000015] New ticket test incident 1
2018-07-10 12:22:26 [7@bb23d8d6f4ee]
An email to milansh4h@gmail.com was added to queue: [GLPI #0000015] New ticket test incident 1
2018-07-10 12:34:49 [7@bb23d8d6f4ee]
An email was sent to milan.shah@unotechsoft.com: [GLPI #0000015] New ticket test incident 1
2018-07-10 12:34:49 [7@bb23d8d6f4ee]
An email to milansh4h@gmail.com was added to queue: [GLPI #0000015] New followup test incident 1
2018-07-10 12:34:49 [7@bb23d8d6f4ee]
An email to milan.shah@unotechsoft.com was added to queue: [GLPI #0000015] New followup test incident 1
2018-07-10 12:41:00 [7@bb23d8d6f4ee]
An email was sent to milansh4h@gmail.com: [GLPI #0000015] New followup test incident 1
2018-07-10 12:41:00 [7@bb23d8d6f4ee]
An email to milansh4h@gmail.com was added to queue: [GLPI #0000015] New followup test incident 1
2018-07-10 12:41:00 [7@bb23d8d6f4ee]
An email to milan.shah@unotechsoft.com was added to queue: [GLPI #0000015] New followup test incident 1
2018-07-10 15:06:55 [7@bb23d8d6f4ee]
An email was sent to milan.shah@unotechsoft.com: [GLPI #0000015] New followup test incident 1
2018-07-10 15:06:55 [7@bb23d8d6f4ee]
An email to milansh4h@gmail.com was added to queue: [GLPI #0000015] New task test incident 1
2018-07-10 15:06:55 [7@bb23d8d6f4ee]
An email to milan.shah@unotechsoft.com was added to queue: [GLPI #0000015] New task test incident 1
2018-07-10 15:07:48 [7@bb23d8d6f4ee]
An email was sent to milansh4h@gmail.com: [GLPI #0000015] New task test incident 1
2018-07-10 15:07:49 [7@bb23d8d6f4ee]
An email to milansh4h@gmail.com was added to queue: [GLPI #0000015] New followup test incident 1
2018-07-10 15:07:49 [7@bb23d8d6f4ee]
An email to milan.shah@unotechsoft.com was added to queue: [GLPI #0000015] New followup test incident 1
2018-07-10 15:08:27 [7@bb23d8d6f4ee]
An email was sent to milan.shah@unotechsoft.com: [GLPI #0000015] New followup test incident 1
2018-07-10 15:08:32 [7@bb23d8d6f4ee]
An email was sent to milansh4h@gmail.com: [GLPI #0000015] New followup test incident 1
2018-07-10 15:08:33 [7@bb23d8d6f4ee]
An email to milansh4h@gmail.com was added to queue: [GLPI #0000015] New followup test incident 1
2018-07-10 15:08:33 [7@bb23d8d6f4ee]
An email to milan.shah@unotechsoft.com was added to queue: [GLPI #0000015] New followup test incident 1
2018-07-10 15:09:11 [7@bb23d8d6f4ee]
An email was sent to milansh4h@gmail.com: [GLPI #0000015] New followup test incident 1
2018-07-10 15:26:37 [7@bb23d8d6f4ee]
An email to milan.shah@unotechsoft.com was added to queue: [GLPI #0000016] New user in requesters test incident 2
2018-07-10 15:26:37 [7@bb23d8d6f4ee]
An email to milan.shah@unotechsoft.com was added to queue: [GLPI #0000016] New user in assignees test incident 2
2018-07-10 15:26:37 [7@bb23d8d6f4ee]
An email to milan.shah@unotechsoft.com was added to queue: [GLPI #0000016] New ticket test incident 2
2018-07-10 15:26:37 [7@bb23d8d6f4ee]
An email to milansh4h@gmail.com was added to queue: [GLPI #0000016] New ticket test incident 2
2018-07-10 15:27:58 [7@bb23d8d6f4ee]
An email was sent to milan.shah@unotechsoft.com: [GLPI #0000016] New ticket test incident 2
2018-07-10 15:27:58 [7@bb23d8d6f4ee]
An email to milansh4h@gmail.com was added to queue: [GLPI #0000016] New followup test incident 2
2018-07-10 15:27:58 [7@bb23d8d6f4ee]
An email to milan.shah@unotechsoft.com was added to queue: [GLPI #0000016] New followup test incident 2
2018-07-10 15:29:10 [7@bb23d8d6f4ee]
An email was sent to milansh4h@gmail.com: [GLPI #0000016] New followup test incident 2
2018-07-10 15:29:10 [7@bb23d8d6f4ee]
An email to milansh4h@gmail.com was added to queue: [GLPI #0000016] New followup test incident 2
2018-07-10 15:29:10 [7@bb23d8d6f4ee]
An email to milan.shah@unotechsoft.com was added to queue: [GLPI #0000016] New followup test incident 2
2018-07-10 15:31:39 [7@bb23d8d6f4ee]
An email was sent to milan.shah@unotechsoft.com: [GLPI #0000016] New followup test incident 2
2018-07-10 15:31:44 [7@bb23d8d6f4ee]
An email was sent to milansh4h@gmail.com: [GLPI #0000016] New followup test incident 2
2018-07-10 15:31:44 [7@bb23d8d6f4ee]
An email to milansh4h@gmail.com was added to queue: [GLPI #0000016] New task test incident 2
2018-07-10 15:31:44 [7@bb23d8d6f4ee]
An email to milan.shah@unotechsoft.com was added to queue: [GLPI #0000016] New task test incident 2
2018-07-10 15:32:19 [7@bb23d8d6f4ee]
An email was sent to milansh4h@gmail.com: [GLPI #0000016] New task test incident 2
2018-07-10 15:32:19 [7@bb23d8d6f4ee]
An email to milansh4h@gmail.com was added to queue: [GLPI #0000016] New followup test incident 2
2018-07-10 15:32:19 [7@bb23d8d6f4ee]
An email to milan.shah@unotechsoft.com was added to queue: [GLPI #0000016] New followup test incident 2
2018-07-10 15:32:45 [7@bb23d8d6f4ee]
An email was sent to milan.shah@unotechsoft.com: [GLPI #0000016] New followup test incident 2
2018-07-10 15:32:49 [7@bb23d8d6f4ee]
An email was sent to milansh4h@gmail.com: [GLPI #0000016] New followup test incident 2
2018-07-10 15:32:49 [7@bb23d8d6f4ee]
An email to milansh4h@gmail.com was added to queue: [GLPI #0000016] New followup test incident 2
2018-07-10 15:32:49 [7@bb23d8d6f4ee]
An email to milan.shah@unotechsoft.com was added to queue: [GLPI #0000016] New followup test incident 2
2018-07-10 15:33:33 [7@bb23d8d6f4ee]
An email was sent to milansh4h@gmail.com: [GLPI #0000016] New followup test incident 2
2018-07-10 15:58:46 [5@bb23d8d6f4ee]
An email to milan.shah@unotechsoft.com was added to queue: [GLPI #0000017] New ticket ticket for testing edit right
2018-07-10 15:58:46 [5@bb23d8d6f4ee]
An email to milansh4h@gmail.com was added to queue: [GLPI #0000017] New ticket ticket for testing edit right
2018-07-10 15:59:20 [7@bb23d8d6f4ee]
An email was sent to milan.shah@unotechsoft.com: [GLPI #0000017] New ticket ticket for testing edit right
2018-07-10 15:59:20 [7@bb23d8d6f4ee]
An email to milansh4h@gmail.com was added to queue: [GLPI #0000017] New followup ticket for testing edit right
2018-07-10 16:02:31 [5@bb23d8d6f4ee]
An email to milansh4h@gmail.com was added to queue: [GLPI #0000017] New followup ticket for testing edit right
2018-07-10 16:05:03 [4@bb23d8d6f4ee]
An email to milansh4h@gmail.com was added to queue: [GLPI #0000017] New followup ticket for testing edit right
2018-07-10 17:17:40 [7@bb23d8d6f4ee]
An email to milan.shah@unotechsoft.com was added to queue: [GLPI #0000018] New user in requesters test incident 3
2018-07-10 17:17:44 [7@bb23d8d6f4ee]
An email was sent to milan.shah@unotechsoft.com: [GLPI #0000018] New user in requesters test incident 3
2018-07-10 17:17:44 [7@bb23d8d6f4ee]
An email to milan.shah@unotechsoft.com was added to queue: [GLPI #0000018] New user in assignees test incident 3
2018-07-10 17:17:45 [7@bb23d8d6f4ee]
An email to milan.shah@unotechsoft.com was added to queue: [GLPI #0000018] New ticket test incident 3
2018-07-10 17:17:45 [7@bb23d8d6f4ee]
An email to milansh4h@gmail.com was added to queue: [GLPI #0000018] New ticket test incident 3
2018-07-10 17:17:48 [7@bb23d8d6f4ee]
An email was sent to milan.shah@unotechsoft.com: [GLPI #0000018] New ticket test incident 3
2018-07-10 17:19:47 [7@bb23d8d6f4ee]
An email to milan.shah@unotechsoft.com was added to queue: [GLPI #0000019] New user in requesters test incident 4
2018-07-10 17:19:47 [7@bb23d8d6f4ee]
An email to milan.shah@unotechsoft.com was added to queue: [GLPI #0000019] New user in assignees test incident 4
2018-07-10 17:19:47 [7@bb23d8d6f4ee]
An email to milan.shah@unotechsoft.com was added to queue: [GLPI #0000019] New ticket test incident 4
2018-07-10 17:19:47 [7@bb23d8d6f4ee]
An email to milansh4h@gmail.com was added to queue: [GLPI #0000019] New ticket test incident 4
2018-07-10 17:56:43 [7@bb23d8d6f4ee]
An email to milan.shah@unotechsoft.com was added to queue: [GLPI #0000020] New user in requesters asdfghjkl
2018-07-10 17:56:43 [7@bb23d8d6f4ee]
An email to milan.shah@unotechsoft.com was added to queue: [GLPI #0000020] New user in assignees asdfghjkl
2018-07-10 17:56:43 [7@bb23d8d6f4ee]
An email to milan.shah@unotechsoft.com was added to queue: [GLPI #0000020] New ticket asdfghjkl
2018-07-10 17:56:43 [7@bb23d8d6f4ee]
An email to ashishjha091994@gmail.com was added to queue: [GLPI #0000020] New ticket asdfghjkl
2018-07-10 18:04:39 [7@bb23d8d6f4ee]
An email to ashishjha091994@gmail.com was added to queue: [GLPI #0000021] New user in requesters aghjkljljhgfdfghj
2018-07-10 18:04:39 [7@bb23d8d6f4ee]
An email to milan.shah@unotechsoft.com was added to queue: [GLPI #0000021] New user in assignees aghjkljljhgfdfghj
2018-07-10 18:04:39 [7@bb23d8d6f4ee]
An email to milan.shah@unotechsoft.com was added to queue: [GLPI #0000021] New ticket aghjkljljhgfdfghj
2018-07-10 18:04:39 [7@bb23d8d6f4ee]
An email to ashishjha091994@gmail.com was added to queue: [GLPI #0000021] New ticket aghjkljljhgfdfghj
2018-07-10 18:20:49 [7@bb23d8d6f4ee]
An email to ashishjha091994@gmail.com was added to queue: [GLPI #0000022] New user in requesters jhhhhhhhhhhhhhhh
2018-07-10 18:20:49 [7@bb23d8d6f4ee]
An email to milan.shah@unotechsoft.com was added to queue: [GLPI #0000022] New user in assignees jhhhhhhhhhhhhhhh
2018-07-10 18:20:50 [7@bb23d8d6f4ee]
An email to milan.shah@unotechsoft.com was added to queue: [GLPI #0000022] New ticket jhhhhhhhhhhhhhhh
2018-07-10 18:20:50 [7@bb23d8d6f4ee]
An email to ashishjha091994@gmail.com was added to queue: [GLPI #0000022] New ticket jhhhhhhhhhhhhhhh
2018-07-10 18:20:54 [7@bb23d8d6f4ee]
An email was sent to ashishjha091994@gmail.com: [GLPI #0000022] New ticket jhhhhhhhhhhhhhhh
2018-07-10 18:23:55 [7@bb23d8d6f4ee]
An email to milan.shah@unotechsoft.com was added to queue: [GLPI #0000023] New user in requesters test
2018-07-10 18:23:55 [7@bb23d8d6f4ee]
An email to milan.shah@unotechsoft.com was added to queue: [GLPI #0000023] New user in assignees test
2018-07-10 18:23:55 [7@bb23d8d6f4ee]
An email to milan.shah@unotechsoft.com was added to queue: [GLPI #0000023] New ticket test
2018-07-10 18:23:55 [7@bb23d8d6f4ee]
An email to ashishjha091994@gmail.com was added to queue: [GLPI #0000023] New ticket test
2018-07-10 18:24:29 [7@bb23d8d6f4ee]
An email to milan.shah@unotechsoft.com was added to queue: [GLPI #0000024] New user in requesters ticket testing 1234
2018-07-10 18:24:29 [7@bb23d8d6f4ee]
An email to milan.shah@unotechsoft.com was added to queue: [GLPI #0000024] New user in assignees ticket testing 1234
2018-07-10 18:24:29 [7@bb23d8d6f4ee]
An email to milan.shah@unotechsoft.com was added to queue: [GLPI #0000024] New ticket ticket testing 1234
2018-07-10 18:24:29 [7@bb23d8d6f4ee]
An email to ashishjha091994@gmail.com was added to queue: [GLPI #0000024] New ticket ticket testing 1234
2018-07-10 18:26:49 [7@bb23d8d6f4ee]
An email to ashishjha091994@gmail.com was added to queue: [GLPI #0000025] New user in requesters vhgfhfghfghgh
2018-07-10 18:26:49 [7@bb23d8d6f4ee]
An email to milan.shah@unotechsoft.com was added to queue: [GLPI #0000025] New user in assignees vhgfhfghfghgh
2018-07-10 18:26:49 [7@bb23d8d6f4ee]
An email to milan.shah@unotechsoft.com was added to queue: [GLPI #0000025] New ticket vhgfhfghfghgh
2018-07-10 18:26:50 [7@bb23d8d6f4ee]
An email to ashishjha091994@gmail.com was added to queue: [GLPI #0000025] New ticket vhgfhfghfghgh
2018-07-10 18:26:54 [7@bb23d8d6f4ee]
An email was sent to ashishjha091994@gmail.com: [GLPI #0000025] New ticket vhgfhfghfghgh
2018-07-10 18:28:00 [7@bb23d8d6f4ee]
An email to ashishjha091994@gmail.com was added to queue: [GLPI #0000026] New user in requesters test 43534534
2018-07-10 18:28:04 [7@bb23d8d6f4ee]
An email was sent to ashishjha091994@gmail.com: [GLPI #0000026] New user in requesters test 43534534
2018-07-10 18:28:04 [7@bb23d8d6f4ee]
An email to milan.shah@unotechsoft.com was added to queue: [GLPI #0000026] New user in assignees test 43534534
2018-07-10 18:28:04 [7@bb23d8d6f4ee]
An email to milan.shah@unotechsoft.com was added to queue: [GLPI #0000026] New ticket test 43534534
2018-07-10 18:28:04 [7@bb23d8d6f4ee]
An email to ashishjha091994@gmail.com was added to queue: [GLPI #0000026] New ticket test 43534534
2018-07-10 18:28:08 [7@bb23d8d6f4ee]
An email was sent to milan.shah@unotechsoft.com: [GLPI #0000026] New ticket test 43534534
2018-07-10 18:29:16 [7@bb23d8d6f4ee]
An email to ashishjha091994@gmail.com was added to queue: [GLPI #0000025] New followup vhgfhfghfghgh
2018-07-10 18:32:30 [7@bb23d8d6f4ee]
An email to ashishjha091994@gmail.com was added to queue: [GLPI #0000026] New followup test 43534534
2018-07-11 13:35:49 [7@bb23d8d6f4ee]
An email was sent to milan.shah@unotechsoft.com: [GLPI #0000015] New followup test incident 1
2018-07-11 13:35:50 [7@bb23d8d6f4ee]
An email to ashishjha091994@gmail.com was added to queue: [GLPI #0000015] New followup test incident 1
2018-07-11 13:35:50 [7@bb23d8d6f4ee]
An email to milan.shah@unotechsoft.com was added to queue: [GLPI #0000015] New followup test incident 1
2018-07-12 13:57:15 [2@bb23d8d6f4ee]
An email to ashishjha091994@gmail.com was added to queue: [GLPI #0000015] New followup test incident 1
2018-07-12 13:57:15 [2@bb23d8d6f4ee]
An email to milan.shah@unotechsoft.com was added to queue: [GLPI #0000015] New followup test incident 1
2018-07-12 17:52:25 [2@bb23d8d6f4ee]
An email was sent to ashishjha091994@gmail.com: [GLPI #0000015] New followup test incident 1
2018-07-12 17:52:31 [2@bb23d8d6f4ee]
An email was sent to milan.shah@unotechsoft.com: [GLPI #0000015] New followup test incident 1
2018-07-12 17:52:31 [2@bb23d8d6f4ee]
An email to ashishjha091994@gmail.com was added to queue: [GLPI #0000015] New followup test incident 1
2018-07-12 17:52:31 [2@bb23d8d6f4ee]
An email to milan.shah@unotechsoft.com was added to queue: [GLPI #0000015] New followup test incident 1
2018-07-13 11:23:07 [@bb23d8d6f4ee]
An email was sent to milansh4h@gmail.com: [GLPI #0000001] New task test prob 
2018-07-13 11:23:11 [@bb23d8d6f4ee]
An email was sent to milansh4h@gmail.com: [GLPI #0000001] New task test change
2018-07-13 11:23:15 [@bb23d8d6f4ee]
An email was sent to milansh4h@gmail.com: [GLPI #0000002] Deletion of a ticket testing ticket id
2018-07-13 11:23:19 [@bb23d8d6f4ee]
An email was sent to milansh4h@gmail.com: [GLPI #0000003] Deletion of a ticket testing ticket id2
2018-07-13 11:23:23 [@bb23d8d6f4ee]
An email was sent to milansh4h@gmail.com: [GLPI #0000004] Deletion of a ticket test timezone
2018-07-13 11:23:27 [@bb23d8d6f4ee]
An email was sent to milansh4h@gmail.com: [GLPI #0000006] Deletion of a ticket testing new ticket mail
2018-07-13 11:23:31 [@bb23d8d6f4ee]
An email was sent to milansh4h@gmail.com: [GLPI #0000013] Deletion of a ticket test ticket incident 2
2018-07-13 11:23:35 [@bb23d8d6f4ee]
An email was sent to milansh4h@gmail.com: [GLPI #0000014] Deletion of a ticket hhvm
2018-07-13 11:23:41 [@bb23d8d6f4ee]
An email was sent to milan.shah@unotechsoft.com: [GLPI #0000016] New followup test incident 2
2018-07-13 11:23:46 [@bb23d8d6f4ee]
An email was sent to milansh4h@gmail.com: [GLPI #0000017] New followup ticket for testing edit right
2018-07-13 11:23:50 [@bb23d8d6f4ee]
An email was sent to milansh4h@gmail.com: [GLPI #0000018] New ticket test incident 3
2018-07-13 11:23:54 [@bb23d8d6f4ee]
An email was sent to milan.shah@unotechsoft.com: [GLPI #0000019] New ticket test incident 4
2018-07-13 11:23:58 [@bb23d8d6f4ee]
An email was sent to milansh4h@gmail.com: [GLPI #0000019] New ticket test incident 4
2018-07-13 11:24:02 [@bb23d8d6f4ee]
An email was sent to milan.shah@unotechsoft.com: [GLPI #0000020] New ticket asdfghjkl
2018-07-13 11:24:06 [@bb23d8d6f4ee]
An email was sent to ashishjha091994@gmail.com: [GLPI #0000020] New ticket asdfghjkl
2018-07-13 11:24:10 [@bb23d8d6f4ee]
An email was sent to ashishjha091994@gmail.com: [GLPI #0000021] New ticket aghjkljljhgfdfghj
2018-07-13 11:24:14 [@bb23d8d6f4ee]
An email was sent to milan.shah@unotechsoft.com: [GLPI #0000021] New ticket aghjkljljhgfdfghj
2018-07-13 11:24:19 [@bb23d8d6f4ee]
An email was sent to milan.shah@unotechsoft.com: [GLPI #0000022] New ticket jhhhhhhhhhhhhhhh
2018-07-13 11:24:23 [@bb23d8d6f4ee]
An email was sent to milan.shah@unotechsoft.com: [GLPI #0000023] New ticket test
2018-07-13 11:24:27 [@bb23d8d6f4ee]
An email was sent to ashishjha091994@gmail.com: [GLPI #0000023] New ticket test
2018-07-13 11:24:31 [@bb23d8d6f4ee]
An email was sent to milan.shah@unotechsoft.com: [GLPI #0000024] New ticket ticket testing 1234
2018-07-13 11:24:35 [@bb23d8d6f4ee]
An email was sent to ashishjha091994@gmail.com: [GLPI #0000024] New ticket ticket testing 1234
2018-07-13 11:24:39 [@bb23d8d6f4ee]
An email was sent to milan.shah@unotechsoft.com: [GLPI #0000025] New ticket vhgfhfghfghgh
2018-07-13 11:24:43 [@bb23d8d6f4ee]
An email was sent to ashishjha091994@gmail.com: [GLPI #0000025] New followup vhgfhfghfghgh
2018-07-13 11:24:47 [@bb23d8d6f4ee]
An email was sent to ashishjha091994@gmail.com: [GLPI #0000026] New followup test 43534534
2018-07-13 11:24:52 [@bb23d8d6f4ee]
An email was sent to ashishjha091994@gmail.com: [GLPI #0000015] New followup test incident 1
2018-07-13 11:24:57 [@bb23d8d6f4ee]
An email was sent to milan.shah@unotechsoft.com: [GLPI #0000015] New followup test incident 1
2018-07-13 11:29:36 [2@bb23d8d6f4ee]
An email to milan.shah@unotechsoft.com was added to queue: [GLPI #0000015] New user in observers test incident 1
2018-07-13 11:29:41 [2@bb23d8d6f4ee]
An email was sent to milan.shah@unotechsoft.com: [GLPI #0000015] New user in observers test incident 1
2018-07-13 11:30:24 [2@bb23d8d6f4ee]
An email to ashishjha091994@gmail.com was added to queue: [GLPI #0000015] New followup test incident 1
2018-07-13 11:30:24 [2@bb23d8d6f4ee]
An email to milan.shah@unotechsoft.com was added to queue: [GLPI #0000015] New followup test incident 1
2018-07-13 11:31:06 [@bb23d8d6f4ee]
An email was sent to ashishjha091994@gmail.com: [GLPI #0000015] New followup test incident 1
2018-07-13 11:31:12 [@bb23d8d6f4ee]
An email was sent to milan.shah@unotechsoft.com: [GLPI #0000015] New followup test incident 1
2018-07-13 11:32:25 [2@bb23d8d6f4ee]
An email to ashishjha091994@gmail.com was added to queue: [GLPI #0000015] New task test incident 1
2018-07-13 11:32:25 [2@bb23d8d6f4ee]
An email to milan.shah@unotechsoft.com was added to queue: [GLPI #0000015] New task test incident 1
2018-07-13 11:32:41 [2@bb23d8d6f4ee]
An email to ashishjha091994@gmail.com was added to queue: [GLPI #0000015] Update of a task test incident 1
2018-07-13 11:32:41 [2@bb23d8d6f4ee]
An email to milan.shah@unotechsoft.com was added to queue: [GLPI #0000015] Update of a task test incident 1
2018-07-13 11:33:06 [@bb23d8d6f4ee]
An email was sent to ashishjha091994@gmail.com: [GLPI #0000015] Update of a task test incident 1
2018-07-13 11:33:12 [@bb23d8d6f4ee]
An email was sent to milan.shah@unotechsoft.com: [GLPI #0000015] Update of a task test incident 1
2018-07-13 12:15:05 [2@bb23d8d6f4ee]
An email to ashishjha091994@gmail.com was added to queue: [GLPI] Planning recall: test incident 1
2018-07-13 12:15:31 [2@bb23d8d6f4ee]
An email to ashishjha091994@gmail.com was added to queue: [GLPI #0000027] New user in requesters test sla breach
2018-07-13 12:15:35 [2@bb23d8d6f4ee]
An email was sent to ashishjha091994@gmail.com: [GLPI #0000027] New user in requesters test sla breach
2018-07-13 12:15:35 [2@bb23d8d6f4ee]
An email to ashishjha091994@gmail.com was added to queue: [GLPI #0000027] New user in assignees test sla breach
2018-07-13 12:15:35 [2@bb23d8d6f4ee]
An email to milan.shah@unotechsoft.com was added to queue: [GLPI #0000027] New ticket test sla breach
2018-07-13 12:15:36 [2@bb23d8d6f4ee]
An email to ashishjha091994@gmail.com was added to queue: [GLPI #0000027] New ticket test sla breach
2018-07-13 12:15:40 [2@bb23d8d6f4ee]
An email was sent to ashishjha091994@gmail.com: [GLPI #0000027] New ticket test sla breach
2018-07-13 12:16:06 [@bb23d8d6f4ee]
An email was sent to ashishjha091994@gmail.com: [GLPI] Planning recall: test incident 1
2018-07-13 12:16:10 [@bb23d8d6f4ee]
An email was sent to milan.shah@unotechsoft.com: [GLPI #0000027] New ticket test sla breach
2018-07-13 12:17:22 [2@bb23d8d6f4ee]
An email to ashishjha091994@gmail.com was added to queue: [GLPI #0000028] New user in requesters test sla breach 2
2018-07-13 12:17:22 [2@bb23d8d6f4ee]
An email to ashishjha091994@gmail.com was added to queue: [GLPI #0000028] New user in assignees test sla breach 2
2018-07-13 12:17:22 [2@bb23d8d6f4ee]
An email to milan.shah@unotechsoft.com was added to queue: [GLPI #0000028] New ticket test sla breach 2
2018-07-13 12:17:22 [2@bb23d8d6f4ee]
An email to ashishjha091994@gmail.com was added to queue: [GLPI #0000028] New ticket test sla breach 2
2018-07-13 12:18:06 [@bb23d8d6f4ee]
An email was sent to ashishjha091994@gmail.com: [GLPI #0000028] New ticket test sla breach 2
2018-07-13 12:18:10 [@bb23d8d6f4ee]
An email was sent to milan.shah@unotechsoft.com: [GLPI #0000028] New ticket test sla breach 2
2018-07-13 12:22:12 [2@bb23d8d6f4ee]
An email to ashishjha091994@gmail.com was added to queue: [GLPI #0000029] New user in requesters test sla brach 3
2018-07-13 12:22:12 [2@bb23d8d6f4ee]
An email to ashishjha091994@gmail.com was added to queue: [GLPI #0000029] New user in assignees test sla brach 3
2018-07-13 12:22:12 [2@bb23d8d6f4ee]
An email to milan.shah@unotechsoft.com was added to queue: [GLPI #0000029] New ticket test sla brach 3
2018-07-13 12:22:12 [2@bb23d8d6f4ee]
An email to ashishjha091994@gmail.com was added to queue: [GLPI #0000029] New ticket test sla brach 3
2018-07-13 12:22:45 [2@bb23d8d6f4ee]
An email was sent to ashishjha091994@gmail.com: [GLPI #0000029] New ticket test sla brach 3
2018-07-13 12:22:52 [2@bb23d8d6f4ee]
An email was sent to milan.shah@unotechsoft.com: [GLPI #0000029] New ticket test sla brach 3
2018-07-13 12:23:20 [2@bb23d8d6f4ee]
An email to ashishjha091994@gmail.com was added to queue: [GLPI #0000030] New user in requesters test sla brach 4
2018-07-13 12:23:20 [2@bb23d8d6f4ee]
An email to ashishjha091994@gmail.com was added to queue: [GLPI #0000030] New user in assignees test sla brach 4
2018-07-13 12:23:20 [2@bb23d8d6f4ee]
An email to milan.shah@unotechsoft.com was added to queue: [GLPI #0000030] New ticket test sla brach 4
2018-07-13 12:23:20 [2@bb23d8d6f4ee]
An email to ashishjha091994@gmail.com was added to queue: [GLPI #0000030] New ticket test sla brach 4
2018-07-13 12:23:30 [2@bb23d8d6f4ee]
An email was sent to ashishjha091994@gmail.com: [GLPI #0000030] New ticket test sla brach 4
2018-07-13 12:23:37 [2@bb23d8d6f4ee]
An email was sent to milan.shah@unotechsoft.com: [GLPI #0000030] New ticket test sla brach 4
2018-07-13 12:26:53 [2@bb23d8d6f4ee]
An email was sent to milan.shah@unotechsoft.com: test incident 1
2018-07-13 12:29:11 [2@bb23d8d6f4ee]
An email was sent to ashish.jha@unotechsoft.com: test incident 1
2018-07-13 12:53:10 [2@bb23d8d6f4ee]
An email to ashishjha091994@gmail.com was added to queue: [GLPI #0000031] New user in requesters test sla breach r1
2018-07-13 12:53:10 [2@bb23d8d6f4ee]
An email to ashishjha091994@gmail.com was added to queue: [GLPI #0000031] New user in assignees test sla breach r1
2018-07-13 12:53:10 [2@bb23d8d6f4ee]
An email to milan.shah@unotechsoft.com was added to queue: [GLPI #0000031] New ticket test sla breach r1
2018-07-13 12:53:10 [2@bb23d8d6f4ee]
An email to ashishjha091994@gmail.com was added to queue: [GLPI #0000031] New ticket test sla breach r1
2018-07-13 12:54:06 [@bb23d8d6f4ee]
An email was sent to ashishjha091994@gmail.com: [GLPI #0000031] New ticket test sla breach r1
2018-07-13 12:54:10 [@bb23d8d6f4ee]
An email was sent to milan.shah@unotechsoft.com: [GLPI #0000031] New ticket test sla breach r1
2018-07-13 13:01:40 [2@bb23d8d6f4ee]
An email to ashishjha091994@gmail.com was added to queue: [GLPI #0000032] New user in requesters sla breach r2
2018-07-13 13:01:40 [2@bb23d8d6f4ee]
An email to ashishjha091994@gmail.com was added to queue: [GLPI #0000032] New user in assignees sla breach r2
2018-07-13 13:01:40 [2@bb23d8d6f4ee]
An email to milan.shah@unotechsoft.com was added to queue: [GLPI #0000032] New ticket sla breach r2
2018-07-13 13:01:40 [2@bb23d8d6f4ee]
An email to ashishjha091994@gmail.com was added to queue: [GLPI #0000032] New ticket sla breach r2
2018-07-13 13:02:05 [@bb23d8d6f4ee]
An email was sent to ashishjha091994@gmail.com: [GLPI #0000032] New ticket sla breach r2
2018-07-13 13:02:07 [2@bb23d8d6f4ee]
An email was sent to ashishjha091994@gmail.com: [GLPI #0000032] New ticket sla breach r2
2018-07-13 13:02:09 [@bb23d8d6f4ee]
An email was sent to milan.shah@unotechsoft.com: [GLPI #0000032] New ticket sla breach r2
2018-07-13 13:02:11 [2@bb23d8d6f4ee]
An email to ashishjha091994@gmail.com was added to queue: [GLPI #0000032] New user in assignees sla breach r2
2018-07-13 13:02:19 [2@bb23d8d6f4ee]
An email was sent to ashishjha091994@gmail.com: [GLPI #0000032] New user in assignees sla breach r2
2018-07-13 13:02:30 [2@bb23d8d6f4ee]
An email to milan.shah@unotechsoft.com was added to queue: [GLPI #0000032] New user in assignees sla breach r2
2018-07-13 13:03:05 [@bb23d8d6f4ee]
An email was sent to milan.shah@unotechsoft.com: [GLPI #0000032] New user in assignees sla breach r2
2018-07-13 14:30:24 [2@bb23d8d6f4ee]
An email was sent to milan.shah@unotechsoft.com: sla breach r2
2018-07-17 11:15:24 [2@bb23d8d6f4ee]
An email to admsys@localhost was added to queue: [GLPI #0000001] New ticket sdfsdfd
2018-07-17 11:16:22 [2@bb23d8d6f4ee]
An email to admsys@localhost was added to queue: [GLPI #0000002] New ticket edasfwvafvf
2018-07-17 11:16:33 [2@bb23d8d6f4ee]
An email to admsys@localhost was added to queue: [GLPI #0000003] New ticket dsfvba3rwaearavear
2018-07-17 17:57:53 [2@bb23d8d6f4ee]
An email to admsys@localhost was added to queue: [GLPI #0000002] Update of a ticket edasfwvafvf
2018-07-17 17:57:54 [2@bb23d8d6f4ee]
An email to admsys@localhost was added to queue: [GLPI #0000002] New followup edasfwvafvf
2018-07-23 14:39:38 [2@bb23d8d6f4ee]
An email to admsys@localhost was added to queue: [GLPI #0000002] Update of a ticket edasfwvafvf
2018-07-23 14:39:38 [2@bb23d8d6f4ee]
An email to admsys@localhost was added to queue: [GLPI #0000002] New followup edasfwvafvf
2018-07-26 09:32:46 [6@glpi_process_plug]
An email to admsys@localhost was added to queue: [GLPI #0000004] New ticket parallel task in old processmaker
2018-07-26 09:35:02 [6@glpi_process_plug]
An email to admsys@localhost was added to queue: [GLPI #0000004] Update of a ticket parallel task in old processmaker
2018-07-26 09:37:03 [6@glpi_process_plug]
An email to admsys@localhost was added to queue: [GLPI #0000004] New task parallel task in old processmaker
2018-07-26 09:57:34 [6@glpi_process_plug]
An email to admsys@localhost was added to queue: [GLPI #0000005] New ticket parallel test 2
2018-07-26 09:57:45 [6@glpi_process_plug]
An email to admsys@localhost was added to queue: [GLPI #0000005] Update of a ticket parallel test 2
2018-07-26 09:59:47 [6@glpi_process_plug]
An email to admsys@localhost was added to queue: [GLPI #0000005] New task parallel test 2
2018-07-27 09:32:13 [6@glpi_process_plug]
An email to admsys@localhost was added to queue: [GLPI #0000006] New ticket test process 1
2018-07-27 09:33:39 [6@glpi_process_plug]
An email to admsys@localhost was added to queue: [GLPI #0000006] Update of a ticket test process 1
2018-07-27 09:35:42 [6@glpi_process_plug]
An email to admsys@localhost was added to queue: [GLPI #0000006] New task test process 1
2018-07-27 09:38:07 [6@glpi_process_plug]
An email to admsys@localhost was added to queue: [GLPI #0000006] Update of a task test process 1
2018-07-27 09:40:10 [6@glpi_process_plug]
An email to admsys@localhost was added to queue: [GLPI #0000006] New task test process 1
2018-07-27 09:42:12 [6@glpi_process_plug]
An email to admsys@localhost was added to queue: [GLPI #0000006] New task test process 1
2018-07-27 09:44:14 [6@glpi_process_plug]
An email to admsys@localhost was added to queue: [GLPI #0000006] New task test process 1
