2018-07-13 16:05:50 [@bb23d8d6f4ee]
0 seconds for "Change of the database layout - glpi_infocoms" @ 2018-07-13 16:05:50 [@bb23d8d6f4ee]
0 seconds for "Change of the database layout - glpi_softwarelicensetypes" @ 2018-07-13 16:05:50 [@bb23d8d6f4ee]
0 seconds for "Add of - Knowbase item link to tickets to database" @ 2018-07-13 16:05:50 [@bb23d8d6f4ee]
0 seconds for "Add of - Knowbase item revisions to database" @ 2018-07-13 16:05:51 [@bb23d8d6f4ee]
1 second for "Change of the database layout - glpi_knowbaseitemtranslations" @ 2018-07-13 16:05:51 [@bb23d8d6f4ee]
0 seconds for "Add of - Knowbase item comments to database" @ 2018-07-13 16:05:51 [@bb23d8d6f4ee]
0 seconds for "Change of the database layout - glpi_taskcategories" @ 2018-07-13 16:05:51 [@bb23d8d6f4ee]
0 seconds for "Change of the database layout - glpi_documents_items" @ 2018-07-13 16:05:51 [@bb23d8d6f4ee]
0 seconds for "Change of the database layout - glpi_computermodels" @ 2018-07-13 16:05:51 [@bb23d8d6f4ee]
0 seconds for "Change of the database layout - glpi_printermodels" @ 2018-07-13 16:05:51 [@bb23d8d6f4ee]
0 seconds for "Change of the database layout - glpi_networkequipmentmodels" @ 2018-07-13 16:05:51 [@bb23d8d6f4ee]
0 seconds for "Change of the database layout - glpi_phonemodels" @ 2018-07-13 16:05:51 [@bb23d8d6f4ee]
0 seconds for "Change of the database layout - glpi_peripheralmodels" @ 2018-07-13 16:05:51 [@bb23d8d6f4ee]
0 seconds for "Change of the database layout - glpi_monitormodels" @ 2018-07-13 16:05:51 [@bb23d8d6f4ee]
0 seconds for "Change of the database layout - glpi_items_devicecases" @ 2018-07-13 16:05:51 [@bb23d8d6f4ee]
0 seconds for "Change of the database layout - glpi_items_devicecontrols" @ 2018-07-13 16:05:51 [@bb23d8d6f4ee]
0 seconds for "Change of the database layout - glpi_items_devicedrives" @ 2018-07-13 16:05:51 [@bb23d8d6f4ee]
0 seconds for "Change of the database layout - glpi_items_devicegraphiccards" @ 2018-07-13 16:05:51 [@bb23d8d6f4ee]
0 seconds for "Change of the database layout - glpi_items_deviceharddrives" @ 2018-07-13 16:05:52 [@bb23d8d6f4ee]
1 second for "Change of the database layout - glpi_items_devicememories" @ 2018-07-13 16:05:52 [@bb23d8d6f4ee]
0 seconds for "Change of the database layout - glpi_items_devicemotherboards" @ 2018-07-13 16:05:52 [@bb23d8d6f4ee]
0 seconds for "Change of the database layout - glpi_items_devicenetworkcards" @ 2018-07-13 16:05:52 [@bb23d8d6f4ee]
0 seconds for "Change of the database layout - glpi_items_devicepcis" @ 2018-07-13 16:05:52 [@bb23d8d6f4ee]
0 seconds for "Change of the database layout - glpi_items_devicepowersupplies" @ 2018-07-13 16:05:52 [@bb23d8d6f4ee]
0 seconds for "Change of the database layout - glpi_items_deviceprocessors" @ 2018-07-13 16:05:53 [@bb23d8d6f4ee]
1 second for "Change of the database layout - glpi_items_devicesoundcards" @ 2018-07-13 16:05:53 [@bb23d8d6f4ee]
0 seconds for "Change of the database layout - glpi_devicecases" @ 2018-07-13 16:05:53 [@bb23d8d6f4ee]
0 seconds for "Change of the database layout - glpi_devicecontrols" @ 2018-07-13 16:05:53 [@bb23d8d6f4ee]
0 seconds for "Change of the database layout - glpi_devicedrives" @ 2018-07-13 16:05:53 [@bb23d8d6f4ee]
0 seconds for "Change of the database layout - glpi_devicegraphiccards" @ 2018-07-13 16:05:53 [@bb23d8d6f4ee]
0 seconds for "Change of the database layout - glpi_deviceharddrives" @ 2018-07-13 16:05:53 [@bb23d8d6f4ee]
0 seconds for "Change of the database layout - glpi_devicememories" @ 2018-07-13 16:05:53 [@bb23d8d6f4ee]
0 seconds for "Change of the database layout - glpi_devicemotherboards" @ 2018-07-13 16:05:53 [@bb23d8d6f4ee]
0 seconds for "Change of the database layout - glpi_devicenetworkcards" @ 2018-07-13 16:05:53 [@bb23d8d6f4ee]
0 seconds for "Change of the database layout - glpi_devicepcis" @ 2018-07-13 16:05:53 [@bb23d8d6f4ee]
0 seconds for "Change of the database layout - glpi_devicepowersupplies" @ 2018-07-13 16:05:53 [@bb23d8d6f4ee]
0 seconds for "Change of the database layout - glpi_deviceprocessors" @ 2018-07-13 16:05:54 [@bb23d8d6f4ee]
1 second for "Change of the database layout - glpi_devicesoundcards" @ 2018-07-13 16:05:54 [@bb23d8d6f4ee]
0 seconds for "Change of the database layout - glpi_softwarelicenses" @ 2018-07-13 16:05:54 [@bb23d8d6f4ee]
0 seconds for "Change of the database layout - glpi_tickettasks" @ 2018-07-13 16:05:54 [@bb23d8d6f4ee]
0 seconds for "Change of the database layout - glpi_problemtasks" @ 2018-07-13 16:05:55 [@bb23d8d6f4ee]
1 second for "Change of the database layout - glpi_changetasks" @ 2018-07-13 16:05:55 [@bb23d8d6f4ee]
0 seconds for "Change of the database layout - glpi_tasktemplates" @ 2018-07-13 16:05:55 [@bb23d8d6f4ee]
0 seconds for "Change of the database layout - glpi_slalevels" @ 2018-07-13 16:05:55 [@bb23d8d6f4ee]
0 seconds for "Change of the database layout - glpi_tickets" @ 2018-07-13 16:05:55 [@bb23d8d6f4ee]
0 seconds for "Change of the database layout - glpi_tickets" @ 2018-07-13 16:05:55 [@bb23d8d6f4ee]
0 seconds for "Change of the database layout - glpi_tickets" @ 2018-07-13 16:05:55 [@bb23d8d6f4ee]
0 seconds for "Change of the database layout - glpi_tickets" @ 2018-07-13 16:05:55 [@bb23d8d6f4ee]
0 seconds for "Change of the database layout - glpi_tickets" @ 2018-07-13 16:05:55 [@bb23d8d6f4ee]
0 seconds for "Change of the database layout - glpi_tickets" @ 2018-07-13 16:05:55 [@bb23d8d6f4ee]
0 seconds for "Change of the database layout - glpi_tickets" @ 2018-07-13 16:05:56 [@bb23d8d6f4ee]
1 second for "Change of the database layout - glpi_tickets" @ 2018-07-13 16:05:56 [@bb23d8d6f4ee]
0 seconds for "Change of the database layout - glpi_tickets" @ 2018-07-13 16:05:56 [@bb23d8d6f4ee]
0 seconds for "Change of the database layout - glpi_changes" @ 2018-07-13 16:05:56 [@bb23d8d6f4ee]
0 seconds for "Change of the database layout - glpi_problems" @ 2018-07-13 16:05:56 [@bb23d8d6f4ee]
0 seconds for "Change of the database layout - glpi_savedsearches" @ 2018-07-13 16:05:56 [@bb23d8d6f4ee]
0 seconds for "Change of the database layout - glpi_notifications" @ 2018-07-13 16:05:56 [@bb23d8d6f4ee]
0 seconds for "Change of the database layout - glpi_queuednotifications" @ 2018-07-13 16:05:57 [@bb23d8d6f4ee]
1 second for "Data migration - glpi_displaypreferences" @ 2018-07-13 16:05:58 [@bb23d8d6f4ee]
1 second for "Change of the database layout - glpi_states" @ 2018-07-13 16:05:59 [@bb23d8d6f4ee]
1 second for "Change of the database layout - glpi_slalevels_tickets" @ 2018-07-13 16:05:59 [@bb23d8d6f4ee]
0 seconds for "Change of the database layout - glpi_businesscriticities" @ 2018-07-13 16:05:59 [@bb23d8d6f4ee]
0 seconds for "Change of the database layout - glpi_documentcategories" @ 2018-07-13 16:05:59 [@bb23d8d6f4ee]
0 seconds for "Change of the database layout - glpi_olalevels_tickets" @ 2018-07-13 16:05:59 [@bb23d8d6f4ee]
0 seconds for "Change of the database layout - glpi_states" @ 2018-07-13 16:05:59 [@bb23d8d6f4ee]
0 seconds for "Change of the database layout - glpi_tickets_tickets" @ 2018-07-13 16:05:59 [@bb23d8d6f4ee]
0 seconds for "Change of the database layout - glpi_tickettemplatehiddenfields" @ 2018-07-13 16:05:59 [@bb23d8d6f4ee]
0 seconds for "Change of the database layout - glpi_tickettemplatemandatoryfields" @ 2018-07-13 16:05:59 [@bb23d8d6f4ee]
0 seconds for "Change of the database layout - glpi_softwarelicenses" @ 2018-07-13 16:06:00 [@bb23d8d6f4ee]
1 second for "Change of the database layout - glpi_infocoms" @ 2018-07-13 16:06:00 [@bb23d8d6f4ee]
0 seconds for "Change of the database layout - glpi_monitors" @ 2018-07-13 16:06:00 [@bb23d8d6f4ee]
0 seconds for "Change of the database layout - glpi_softwarelicensetypes" @ 2018-07-13 16:06:00 [@bb23d8d6f4ee]
0 seconds for "Change of the database layout - glpi_knowbaseitemtranslations" @ 2018-07-13 16:06:00 [@bb23d8d6f4ee]
0 seconds for "Change of the database layout - glpi_taskcategories" @ 2018-07-13 16:06:00 [@bb23d8d6f4ee]
0 seconds for "Change of the database layout - glpi_documents_items" @ 2018-07-13 16:06:00 [@bb23d8d6f4ee]
0 seconds for "Change of the database layout - glpi_computermodels" @ 2018-07-13 16:06:00 [@bb23d8d6f4ee]
0 seconds for "Change of the database layout - glpi_printermodels" @ 2018-07-13 16:06:00 [@bb23d8d6f4ee]
0 seconds for "Change of the database layout - glpi_networkequipmentmodels" @ 2018-07-13 16:06:00 [@bb23d8d6f4ee]
0 seconds for "Change of the database layout - glpi_phonemodels" @ 2018-07-13 16:06:00 [@bb23d8d6f4ee]
0 seconds for "Change of the database layout - glpi_peripheralmodels" @ 2018-07-13 16:06:00 [@bb23d8d6f4ee]
0 seconds for "Change of the database layout - glpi_monitormodels" @ 2018-07-13 16:06:00 [@bb23d8d6f4ee]
0 seconds for "Change of the database layout - glpi_items_devicecases" @ 2018-07-13 16:06:00 [@bb23d8d6f4ee]
0 seconds for "Change of the database layout - glpi_items_devicecontrols" @ 2018-07-13 16:06:00 [@bb23d8d6f4ee]
0 seconds for "Change of the database layout - glpi_items_devicedrives" @ 2018-07-13 16:06:00 [@bb23d8d6f4ee]
0 seconds for "Change of the database layout - glpi_items_devicegraphiccards" @ 2018-07-13 16:06:01 [@bb23d8d6f4ee]
1 second for "Change of the database layout - glpi_items_deviceharddrives" @ 2018-07-13 16:06:01 [@bb23d8d6f4ee]
0 seconds for "Change of the database layout - glpi_items_devicememories" @ 2018-07-13 16:06:01 [@bb23d8d6f4ee]
0 seconds for "Change of the database layout - glpi_items_devicemotherboards" @ 2018-07-13 16:06:01 [@bb23d8d6f4ee]
0 seconds for "Change of the database layout - glpi_items_devicenetworkcards" @ 2018-07-13 16:06:01 [@bb23d8d6f4ee]
0 seconds for "Change of the database layout - glpi_items_devicepcis" @ 2018-07-13 16:06:01 [@bb23d8d6f4ee]
0 seconds for "Change of the database layout - glpi_items_devicepowersupplies" @ 2018-07-13 16:06:01 [@bb23d8d6f4ee]
0 seconds for "Change of the database layout - glpi_items_deviceprocessors" @ 2018-07-13 16:06:01 [@bb23d8d6f4ee]
0 seconds for "Change of the database layout - glpi_items_devicesoundcards" @ 2018-07-13 16:06:01 [@bb23d8d6f4ee]
0 seconds for "Change of the database layout - glpi_devicecases" @ 2018-07-13 16:06:01 [@bb23d8d6f4ee]
0 seconds for "Change of the database layout - glpi_devicecontrols" @ 2018-07-13 16:06:01 [@bb23d8d6f4ee]
0 seconds for "Change of the database layout - glpi_devicedrives" @ 2018-07-13 16:06:01 [@bb23d8d6f4ee]
0 seconds for "Change of the database layout - glpi_devicegraphiccards" @ 2018-07-13 16:06:01 [@bb23d8d6f4ee]
0 seconds for "Change of the database layout - glpi_deviceharddrives" @ 2018-07-13 16:06:01 [@bb23d8d6f4ee]
0 seconds for "Change of the database layout - glpi_devicememories" @ 2018-07-13 16:06:01 [@bb23d8d6f4ee]
0 seconds for "Change of the database layout - glpi_devicemotherboards" @ 2018-07-13 16:06:02 [@bb23d8d6f4ee]
1 second for "Change of the database layout - glpi_devicenetworkcards" @ 2018-07-13 16:06:02 [@bb23d8d6f4ee]
0 seconds for "Change of the database layout - glpi_devicepcis" @ 2018-07-13 16:06:02 [@bb23d8d6f4ee]
0 seconds for "Change of the database layout - glpi_devicepowersupplies" @ 2018-07-13 16:06:02 [@bb23d8d6f4ee]
0 seconds for "Change of the database layout - glpi_deviceprocessors" @ 2018-07-13 16:06:02 [@bb23d8d6f4ee]
0 seconds for "Change of the database layout - glpi_devicesoundcards" @ 2018-07-13 16:06:02 [@bb23d8d6f4ee]
0 seconds for "Change of the database layout - glpi_tickettasks" @ 2018-07-13 16:06:02 [@bb23d8d6f4ee]
0 seconds for "Change of the database layout - glpi_problemtasks" @ 2018-07-13 16:06:02 [@bb23d8d6f4ee]
0 seconds for "Change of the database layout - glpi_changetasks" @ 2018-07-13 16:06:02 [@bb23d8d6f4ee]
0 seconds for "Change of the database layout - glpi_slas" @ 2018-07-13 16:06:02 [@bb23d8d6f4ee]
0 seconds for "Change of the database layout - glpi_slalevels" @ 2018-07-13 16:06:02 [@bb23d8d6f4ee]
0 seconds for "Change of the database layout - glpi_tickets" @ 2018-07-13 16:06:02 [@bb23d8d6f4ee]
0 seconds for "Change of the database layout - glpi_changes" @ 2018-07-13 16:06:02 [@bb23d8d6f4ee]
0 seconds for "Change of the database layout - glpi_problems" @ 2018-07-13 16:06:02 [@bb23d8d6f4ee]
0 seconds for "Change of the database layout - glpi_savedsearches" @ 2018-07-13 16:06:02 [@bb23d8d6f4ee]
0 seconds for "Change of the database layout - glpi_queuednotifications" @ 2018-07-13 16:06:02 [@bb23d8d6f4ee]
0 seconds for "Change of the database layout - glpi_savedsearches_users" @ 2018-07-13 16:06:03 [@bb23d8d6f4ee]
1 second for "Change of the database layout - glpi_logs" @ 2018-07-13 16:06:03 [@bb23d8d6f4ee]
0 seconds for "Change of the database layout - glpi_users" @ 2018-07-13 16:06:03 [@bb23d8d6f4ee]
0 seconds for "Change of the database layout - glpi_computers" @ 2018-07-13 16:06:03 [@bb23d8d6f4ee]
0 seconds for "Change of the database layout - glpi_items_operatingsystems" @ 2018-07-13 16:06:03 [@bb23d8d6f4ee]
0 seconds for "Change of the database layout - glpi_entities" @ 2018-07-13 16:06:03 [@bb23d8d6f4ee]
0 seconds for "Change of the database layout - glpi_phones" @ 2018-07-13 16:06:03 [@bb23d8d6f4ee]
0 seconds for "Change of the database layout - glpi_networkequipments" @ 2018-07-13 16:06:03 [@bb23d8d6f4ee]
0 seconds for "Change of the database layout - glpi_projects" @ 2018-07-13 16:06:03 [@bb23d8d6f4ee]
0 seconds for "Change of the database layout - glpi_projecttasks" @ 2018-07-13 16:06:03 [@bb23d8d6f4ee]
0 seconds for "Change of the database layout - glpi_ticketfollowups" @ 2018-07-13 16:06:04 [@bb23d8d6f4ee]
1 second for "Change of the database layout - glpi_authldaps" @ 2018-07-13 16:06:04 [@bb23d8d6f4ee]
0 seconds for "Change of the database layout - glpi_networkportfiberchannels" @ 2018-07-13 16:06:04 [@bb23d8d6f4ee]
0 seconds for "Change of the database layout - glpi_slms" @ 2018-07-13 16:06:04 [@bb23d8d6f4ee]
0 seconds for "Change of the database layout - glpi_slalevels_tickets" @ 2018-07-13 16:06:04 [@bb23d8d6f4ee]
0 seconds for "Change of the database layout - glpi_businesscriticities" @ 2018-07-13 16:06:04 [@bb23d8d6f4ee]
0 seconds for "Change of the database layout - glpi_documentcategories" @ 2018-07-13 16:06:04 [@bb23d8d6f4ee]
0 seconds for "Change of the database layout - glpi_olalevels_tickets" @ 2018-07-13 16:06:04 [@bb23d8d6f4ee]
0 seconds for "Change of the database layout - glpi_states" @ 2018-07-13 16:06:04 [@bb23d8d6f4ee]
0 seconds for "Change of the database layout - glpi_tickets_tickets" @ 2018-07-13 16:06:04 [@bb23d8d6f4ee]
0 seconds for "Change of the database layout - glpi_tickettemplatehiddenfields" @ 2018-07-13 16:06:04 [@bb23d8d6f4ee]
0 seconds for "Change of the database layout - glpi_tickettemplatemandatoryfields" @ 2018-07-13 16:06:04 [@bb23d8d6f4ee]
0 seconds for "Change of the database layout - glpi_tickettemplatepredefinedfields" @ 2018-07-13 16:06:04 [@bb23d8d6f4ee]
0 seconds for "Change of the database layout - glpi_softwarelicenses" @ 2018-07-13 16:06:04 [@bb23d8d6f4ee]
0 seconds for "Change of the database layout - glpi_tasktemplates" @ 2018-07-13 16:06:04 [@bb23d8d6f4ee]
0 seconds for "Change of the database layout - glpi_ticketvalidations" @ 2018-07-13 16:06:04 [@bb23d8d6f4ee]
0 seconds for "Configuration values added for login_remember_time, login_remember_default, use_notifications, notifications_mailing, notifications_ajax, notifications_ajax_check_interval, notifications_ajax_sound, notifications_ajax_icon_url, dbversion, smtp_max_retries, smtp_sender, from_email, from_email_name." @ 2018-07-13 16:06:04 [@bb23d8d6f4ee]
0 seconds for "Task completed." @ 